{"meta": {"format": 3, "version": "7.15.0", "timestamp": "2026-07-11T03:05:09.789200", "branch_coverage": false, "show_contexts": false}, "files": {"utils\\__init__.py": {"executed_lines": [4, 5, 6, 7, 8, 10], "summary": {"covered_lines": 6, "num_statements": 6, "percent_covered": 100.0, "percent_covered_display": "100", "missing_lines": 0, "excluded_lines": 0, "percent_statements_covered": 100.0, "percent_statements_covered_display": "100"}, "missing_lines": [], "excluded_lines": [], "functions": {"": {"executed_lines": [4, 5, 6, 7, 8, 10], "summary": {"covered_lines": 6, "num_statements": 6, "percent_covered": 100.0, "percent_covered_display": "100", "missing_lines": 0, "excluded_lines": 0, "percent_statements_covered": 100.0, "percent_statements_covered_display": "100"}, "missing_lines": [], "excluded_lines": [], "start_line": 1}}, "classes": {"": {"executed_lines": [4, 5, 6, 7, 8, 10], "summary": {"covered_lines": 6, "num_statements": 6, "percent_covered": 100.0, "percent_covered_display": "100", "missing_lines": 0, "excluded_lines": 0, "percent_statements_covered": 100.0, "percent_statements_covered_display": "100"}, "missing_lines": [], "excluded_lines": [], "start_line": 1}}}, "utils\\cache_manager.py": {"executed_lines": [8, 9, 10, 11, 12, 14, 17, 20, 60, 71, 72, 73, 74, 76, 77, 78, 79, 81, 82, 89, 101, 102, 103, 104, 106, 107, 108, 109, 116, 126, 127, 128, 131, 132, 133, 140, 150, 151, 152, 155, 156, 157, 158, 159, 167, 186, 187, 188, 192, 193, 194, 197, 198, 200, 207, 214, 215, 216, 223, 224, 226, 245, 255, 256, 257, 258, 260, 261, 263, 264, 274, 292, 293, 296, 312, 313, 316, 326, 327, 334], "summary": {"covered_lines": 80, "num_statements": 122, "percent_covered": 65.57377049180327, "percent_covered_display": "66", "missing_lines": 42, "excluded_lines": 0, "percent_statements_covered": 65.57377049180327, "percent_statements_covered_display": "66"}, "missing_lines": [29, 30, 32, 33, 34, 35, 36, 38, 48, 49, 50, 52, 53, 54, 55, 56, 57, 84, 85, 86, 111, 112, 113, 129, 135, 136, 137, 153, 160, 162, 163, 164, 189, 202, 203, 204, 217, 236, 237, 238, 266, 267], "excluded_lines": [], "functions": {"get_redis_client": {"executed_lines": [], "summary": {"covered_lines": 0, "num_statements": 17, "percent_covered": 0.0, "percent_covered_display": "0", "missing_lines": 17, "excluded_lines": 0, "percent_statements_covered": 0.0, "percent_statements_covered_display": "0"}, "missing_lines": [29, 30, 32, 33, 34, 35, 36, 38, 48, 49, 50, 52, 53, 54, 55, 56, 57], "excluded_lines": [], "start_line": 20}, "get_cached_data": {"executed_lines": [71, 72, 73, 74, 76, 77, 78, 79, 81, 82], "summary": {"covered_lines": 10, "num_statements": 13, "percent_covered": 76.92307692307692, "percent_covered_display": "77", "missing_lines": 3, "excluded_lines": 0, "percent_statements_covered": 76.92307692307692, "percent_statements_covered_display": "77"}, "missing_lines": [84, 85, 86], "excluded_lines": [], "start_line": 60}, "set_cached_data": {"executed_lines": [101, 102, 103, 104, 106, 107, 108, 109], "summary": {"covered_lines": 8, "num_statements": 11, "percent_covered": 72.72727272727273, "percent_covered_display": "73", "missing_lines": 3, "excluded_lines": 0, "percent_statements_covered": 72.72727272727273, "percent_statements_covered_display": "73"}, "missing_lines": [111, 112, 113], "excluded_lines": [], "start_line": 89}, "invalidate_cache": {"executed_lines": [126, 127, 128, 131, 132, 133], "summary": {"covered_lines": 6, "num_statements": 10, "percent_covered": 60.0, "percent_covered_display": "60", "missing_lines": 4, "excluded_lines": 0, "percent_statements_covered": 60.0, "percent_statements_covered_display": "60"}, "missing_lines": [129, 135, 136, 137], "excluded_lines": [], "start_line": 116}, "invalidate_pattern": {"executed_lines": [150, 151, 152, 155, 156, 157, 158, 159], "summary": {"covered_lines": 8, "num_statements": 13, "percent_covered": 61.53846153846154, "percent_covered_display": "62", "missing_lines": 5, "excluded_lines": 0, "percent_statements_covered": 61.53846153846154, "percent_statements_covered_display": "62"}, "missing_lines": [153, 160, 162, 163, 164], "excluded_lines": [], "start_line": 140}, "get_or_compute": {"executed_lines": [186, 187, 188, 192, 193, 194, 197, 198, 200], "summary": {"covered_lines": 9, "num_statements": 13, "percent_covered": 69.23076923076923, "percent_covered_display": "69", "missing_lines": 4, "excluded_lines": 0, "percent_statements_covered": 69.23076923076923, "percent_statements_covered_display": "69"}, "missing_lines": [189, 202, 203, 204], "excluded_lines": [], "start_line": 167}, "get_cache_stats": {"executed_lines": [214, 215, 216, 223, 224, 226], "summary": {"covered_lines": 6, "num_statements": 10, "percent_covered": 60.0, "percent_covered_display": "60", "missing_lines": 4, "excluded_lines": 0, "percent_statements_covered": 60.0, "percent_statements_covered_display": "60"}, "missing_lines": [217, 236, 237, 238], "excluded_lines": [], "start_line": 207}, "calculate_hit_rate": {"executed_lines": [255, 256, 257, 258, 260, 261, 263, 264], "summary": {"covered_lines": 8, "num_statements": 10, "percent_covered": 80.0, "percent_covered_display": "80", "missing_lines": 2, "excluded_lines": 0, "percent_statements_covered": 80.0, "percent_statements_covered_display": "80"}, "missing_lines": [266, 267], "excluded_lines": [], "start_line": 245}, "get_dashboard_stats": {"executed_lines": [292, 293], "summary": {"covered_lines": 2, "num_statements": 2, "percent_covered": 100.0, "percent_covered_display": "100", "missing_lines": 0, "excluded_lines": 0, "percent_statements_covered": 100.0, "percent_statements_covered_display": "100"}, "missing_lines": [], "excluded_lines": [], "start_line": 274}, "get_admin_stats": {"executed_lines": [312, 313], "summary": {"covered_lines": 2, "num_statements": 2, "percent_covered": 100.0, "percent_covered_display": "100", "missing_lines": 0, "excluded_lines": 0, "percent_statements_covered": 100.0, "percent_statements_covered_display": "100"}, "missing_lines": [], "excluded_lines": [], "start_line": 296}, "invalidate_user_cache": {"executed_lines": [326, 327], "summary": {"covered_lines": 2, "num_statements": 2, "percent_covered": 100.0, "percent_covered_display": "100", "missing_lines": 0, "excluded_lines": 0, "percent_statements_covered": 100.0, "percent_statements_covered_display": "100"}, "missing_lines": [], "excluded_lines": [], "start_line": 316}, "": {"executed_lines": [8, 9, 10, 11, 12, 14, 17, 20, 60, 89, 116, 140, 167, 207, 245, 274, 296, 316, 334], "summary": {"covered_lines": 19, "num_statements": 19, "percent_covered": 100.0, "percent_covered_display": "100", "missing_lines": 0, "excluded_lines": 0, "percent_statements_covered": 100.0, "percent_statements_covered_display": "100"}, "missing_lines": [], "excluded_lines": [], "start_line": 1}}, "classes": {"": {"executed_lines": [8, 9, 10, 11, 12, 14, 17, 20, 60, 71, 72, 73, 74, 76, 77, 78, 79, 81, 82, 89, 101, 102, 103, 104, 106, 107, 108, 109, 116, 126, 127, 128, 131, 132, 133, 140, 150, 151, 152, 155, 156, 157, 158, 159, 167, 186, 187, 188, 192, 193, 194, 197, 198, 200, 207, 214, 215, 216, 223, 224, 226, 245, 255, 256, 257, 258, 260, 261, 263, 264, 274, 292, 293, 296, 312, 313, 316, 326, 327, 334], "summary": {"covered_lines": 80, "num_statements": 122, "percent_covered": 65.57377049180327, "percent_covered_display": "66", "missing_lines": 42, "excluded_lines": 0, "percent_statements_covered": 65.57377049180327, "percent_statements_covered_display": "66"}, "missing_lines": [29, 30, 32, 33, 34, 35, 36, 38, 48, 49, 50, 52, 53, 54, 55, 56, 57, 84, 85, 86, 111, 112, 113, 129, 135, 136, 137, 153, 160, 162, 163, 164, 189, 202, 203, 204, 217, 236, 237, 238, 266, 267], "excluded_lines": [], "start_line": 1}}}, "utils\\circuit_breaker.py": {"executed_lines": [8, 9, 10, 11, 12, 13, 15, 18, 20, 21, 22, 25, 27, 28, 39, 49, 67, 68, 69, 70, 71, 74, 75, 76, 77, 78, 81, 82, 83, 86, 88, 104, 105, 108, 109, 110, 111, 112, 114, 115, 120, 122, 125, 126, 128, 130, 131, 133, 135, 136, 138, 139, 140, 141, 144, 145, 146, 147, 148, 149, 151, 153, 156, 158, 159, 160, 161, 163, 166, 167, 168, 169, 170, 172, 174, 188, 190, 191, 192, 193, 194, 195, 203, 212, 221, 234, 249, 252, 270, 288, 297, 309], "summary": {"covered_lines": 92, "num_statements": 100, "percent_covered": 92.0, "percent_covered_display": "92", "missing_lines": 8, "excluded_lines": 0, "percent_statements_covered": 92.0, "percent_statements_covered_display": "92"}, "missing_lines": [154, 267, 285, 290, 299, 300, 301, 302], "excluded_lines": [], "functions": {"CircuitBreakerOpenError.__init__": {"executed_lines": [28], "summary": {"covered_lines": 1, "num_statements": 1, "percent_covered": 100.0, "percent_covered_display": "100", "missing_lines": 0, "excluded_lines": 0, "percent_statements_covered": 100.0, "percent_statements_covered_display": "100"}, "missing_lines": [], "excluded_lines": [], "start_line": 27}, "CircuitBreaker.__init__": {"executed_lines": [67, 68, 69, 70, 71, 74, 75, 76, 77, 78, 81, 82, 83, 86], "summary": {"covered_lines": 14, "num_statements": 14, "percent_covered": 100.0, "percent_covered_display": "100", "missing_lines": 0, "excluded_lines": 0, "percent_statements_covered": 100.0, "percent_statements_covered_display": "100"}, "missing_lines": [], "excluded_lines": [], "start_line": 49}, "CircuitBreaker.call": {"executed_lines": [104, 105, 108, 109, 110, 111, 112, 114, 115, 120, 122, 125, 126, 128, 130, 131], "summary": {"covered_lines": 16, "num_statements": 16, "percent_covered": 100.0, "percent_covered_display": "100", "missing_lines": 0, "excluded_lines": 0, "percent_statements_covered": 100.0, "percent_statements_covered_display": "100"}, "missing_lines": [], "excluded_lines": [], "start_line": 88}, "CircuitBreaker._on_success": {"executed_lines": [135, 136, 138, 139, 140, 141, 144, 145, 146, 147, 148, 149, 151, 153], "summary": {"covered_lines": 14, "num_statements": 15, "percent_covered": 93.33333333333333, "percent_covered_display": "93", "missing_lines": 1, "excluded_lines": 0, "percent_statements_covered": 93.33333333333333, "percent_statements_covered_display": "93"}, "missing_lines": [154], "excluded_lines": [], "start_line": 133}, "CircuitBreaker._on_failure": {"executed_lines": [158, 159, 160, 161, 163, 166, 167, 168, 169, 170], "summary": {"covered_lines": 10, "num_statements": 10, "percent_covered": 100.0, "percent_covered_display": "100", "missing_lines": 0, "excluded_lines": 0, "percent_statements_covered": 100.0, "percent_statements_covered_display": "100"}, "missing_lines": [], "excluded_lines": [], "start_line": 156}, "CircuitBreaker.get_stats": {"executed_lines": [174], "summary": {"covered_lines": 1, "num_statements": 1, "percent_covered": 100.0, "percent_covered_display": "100", "missing_lines": 0, "excluded_lines": 0, "percent_statements_covered": 100.0, "percent_statements_covered_display": "100"}, "missing_lines": [], "excluded_lines": [], "start_line": 172}, "CircuitBreaker.reset": {"executed_lines": [190, 191, 192, 193, 194, 195], "summary": {"covered_lines": 6, "num_statements": 6, "percent_covered": 100.0, "percent_covered_display": "100", "missing_lines": 0, "excluded_lines": 0, "percent_statements_covered": 100.0, "percent_statements_covered_display": "100"}, "missing_lines": [], "excluded_lines": [], "start_line": 188}, "call_virustotal": {"executed_lines": [249], "summary": {"covered_lines": 1, "num_statements": 1, "percent_covered": 100.0, "percent_covered_display": "100", "missing_lines": 0, "excluded_lines": 0, "percent_statements_covered": 100.0, "percent_statements_covered_display": "100"}, "missing_lines": [], "excluded_lines": [], "start_line": 234}, "call_nist_nvd": {"executed_lines": [], "summary": {"covered_lines": 0, "num_statements": 1, "percent_covered": 0.0, "percent_covered_display": "0", "missing_lines": 1, "excluded_lines": 0, "percent_statements_covered": 0.0, "percent_statements_covered_display": "0"}, "missing_lines": [267], "excluded_lines": [], "start_line": 252}, "call_hibp": {"executed_lines": [], "summary": {"covered_lines": 0, "num_statements": 1, "percent_covered": 0.0, "percent_covered_display": "0", "missing_lines": 1, "excluded_lines": 0, "percent_statements_covered": 0.0, "percent_statements_covered_display": "0"}, "missing_lines": [285], "excluded_lines": [], "start_line": 270}, "get_circuit_breaker_stats": {"executed_lines": [], "summary": {"covered_lines": 0, "num_statements": 1, "percent_covered": 0.0, "percent_covered_display": "0", "missing_lines": 1, "excluded_lines": 0, "percent_statements_covered": 0.0, "percent_statements_covered_display": "0"}, "missing_lines": [290], "excluded_lines": [], "start_line": 288}, "reset_all_circuit_breakers": {"executed_lines": [], "summary": {"covered_lines": 0, "num_statements": 4, "percent_covered": 0.0, "percent_covered_display": "0", "missing_lines": 4, "excluded_lines": 0, "percent_statements_covered": 0.0, "percent_statements_covered_display": "0"}, "missing_lines": [299, 300, 301, 302], "excluded_lines": [], "start_line": 297}, "": {"executed_lines": [8, 9, 10, 11, 12, 13, 15, 18, 20, 21, 22, 25, 27, 39, 49, 88, 133, 156, 172, 188, 203, 212, 221, 234, 252, 270, 288, 297, 309], "summary": {"covered_lines": 29, "num_statements": 29, "percent_covered": 100.0, "percent_covered_display": "100", "missing_lines": 0, "excluded_lines": 0, "percent_statements_covered": 100.0, "percent_statements_covered_display": "100"}, "missing_lines": [], "excluded_lines": [], "start_line": 1}}, "classes": {"CircuitState": {"executed_lines": [], "summary": {"covered_lines": 0, "num_statements": 0, "percent_covered": 100.0, "percent_covered_display": "100", "missing_lines": 0, "excluded_lines": 0, "percent_statements_covered": 100.0, "percent_statements_covered_display": "100"}, "missing_lines": [], "excluded_lines": [], "start_line": 18}, "CircuitBreakerOpenError": {"executed_lines": [28], "summary": {"covered_lines": 1, "num_statements": 1, "percent_covered": 100.0, "percent_covered_display": "100", "missing_lines": 0, "excluded_lines": 0, "percent_statements_covered": 100.0, "percent_statements_covered_display": "100"}, "missing_lines": [], "excluded_lines": [], "start_line": 25}, "CircuitBreaker": {"executed_lines": [67, 68, 69, 70, 71, 74, 75, 76, 77, 78, 81, 82, 83, 86, 104, 105, 108, 109, 110, 111, 112, 114, 115, 120, 122, 125, 126, 128, 130, 131, 135, 136, 138, 139, 140, 141, 144, 145, 146, 147, 148, 149, 151, 153, 158, 159, 160, 161, 163, 166, 167, 168, 169, 170, 174, 190, 191, 192, 193, 194, 195], "summary": {"covered_lines": 61, "num_statements": 62, "percent_covered": 98.38709677419355, "percent_covered_display": "98", "missing_lines": 1, "excluded_lines": 0, "percent_statements_covered": 98.38709677419355, "percent_statements_covered_display": "98"}, "missing_lines": [154], "excluded_lines": [], "start_line": 39}, "": {"executed_lines": [8, 9, 10, 11, 12, 13, 15, 18, 20, 21, 22, 25, 27, 39, 49, 88, 133, 156, 172, 188, 203, 212, 221, 234, 249, 252, 270, 288, 297, 309], "summary": {"covered_lines": 30, "num_statements": 37, "percent_covered": 81.08108108108108, "percent_covered_display": "81", "missing_lines": 7, "excluded_lines": 0, "percent_statements_covered": 81.08108108108108, "percent_statements_covered_display": "81"}, "missing_lines": [267, 285, 290, 299, 300, 301, 302], "excluded_lines": [], "start_line": 1}}}, "utils\\cve_lookup.py": {"executed_lines": [9, 10, 11, 12, 13, 14, 15, 17, 20, 29, 30, 31, 38, 39, 42, 52, 56, 57, 60, 74, 75, 77, 80, 81, 90, 91, 92, 96, 97, 117, 118, 149, 161, 174, 175, 176, 186, 189, 190, 191, 192, 193, 194, 197, 198, 199, 200, 202, 203, 204, 205, 208, 209, 212, 213, 214, 215, 216, 217, 218, 219, 221, 239, 249, 251, 254, 269, 417, 429, 431, 434], "summary": {"covered_lines": 71, "num_statements": 144, "percent_covered": 49.30555555555556, "percent_covered_display": "49", "missing_lines": 73, "excluded_lines": 0, "percent_statements_covered": 49.30555555555556, "percent_statements_covered_display": "49"}, "missing_lines": [32, 33, 34, 35, 53, 94, 98, 99, 100, 107, 108, 109, 119, 120, 121, 129, 130, 131, 139, 140, 162, 256, 257, 258, 283, 284, 286, 289, 290, 298, 300, 303, 304, 305, 307, 309, 310, 313, 314, 319, 321, 322, 323, 329, 331, 333, 336, 337, 338, 339, 340, 349, 357, 358, 359, 368, 369, 370, 377, 378, 379, 380, 389, 390, 397, 398, 399, 406, 407, 408, 436, 437, 438], "excluded_lines": [], "functions": {"validate_cve_id": {"executed_lines": [52, 56, 57], "summary": {"covered_lines": 3, "num_statements": 4, "percent_covered": 75.0, "percent_covered_display": "75", "missing_lines": 1, "excluded_lines": 0, "percent_statements_covered": 75.0, "percent_statements_covered_display": "75"}, "missing_lines": [53], "excluded_lines": [], "start_line": 42}, "lookup_cve": {"executed_lines": [74, 75, 77, 80, 81, 90, 91, 92, 96, 97, 117, 118], "summary": {"covered_lines": 12, "num_statements": 27, "percent_covered": 44.44444444444444, "percent_covered_display": "44", "missing_lines": 15, "excluded_lines": 0, "percent_statements_covered": 44.44444444444444, "percent_statements_covered_display": "44"}, "missing_lines": [94, 98, 99, 100, 107, 108, 109, 119, 120, 121, 129, 130, 131, 139, 140], "excluded_lines": [], "start_line": 60}, "parse_cve_response": {"executed_lines": [161, 174, 175, 176, 186, 189, 190, 191, 192, 193, 194, 197, 198, 199, 200, 202, 203, 204, 205, 208, 209, 212, 213, 214, 215, 216, 217, 218, 219, 221], "summary": {"covered_lines": 30, "num_statements": 31, "percent_covered": 96.7741935483871, "percent_covered_display": "97", "missing_lines": 1, "excluded_lines": 0, "percent_statements_covered": 96.7741935483871, "percent_statements_covered_display": "97"}, "missing_lines": [162], "excluded_lines": [], "start_line": 149}, "check_cve": {"executed_lines": [249, 251, 254], "summary": {"covered_lines": 3, "num_statements": 6, "percent_covered": 50.0, "percent_covered_display": "50", "missing_lines": 3, "excluded_lines": 0, "percent_statements_covered": 50.0, "percent_statements_covered_display": "50"}, "missing_lines": [256, 257, 258], "excluded_lines": [], "start_line": 239}, "async_lookup_cve": {"executed_lines": [], "summary": {"covered_lines": 0, "num_statements": 32, "percent_covered": 0.0, "percent_covered_display": "0", "missing_lines": 32, "excluded_lines": 0, "percent_statements_covered": 0.0, "percent_statements_covered_display": "0"}, "missing_lines": [283, 284, 286, 289, 290, 298, 331, 333, 336, 337, 338, 339, 340, 349, 357, 358, 359, 368, 369, 370, 377, 378, 379, 380, 389, 390, 397, 398, 399, 406, 407, 408], "excluded_lines": [], "start_line": 269}, "async_lookup_cve.fetch_nvd_data": {"executed_lines": [], "summary": {"covered_lines": 0, "num_statements": 14, "percent_covered": 0.0, "percent_covered_display": "0", "missing_lines": 14, "excluded_lines": 0, "percent_statements_covered": 0.0, "percent_statements_covered_display": "0"}, "missing_lines": [300, 303, 304, 305, 307, 309, 310, 313, 314, 319, 321, 322, 323, 329], "excluded_lines": [], "start_line": 298}, "async_check_cve": {"executed_lines": [429, 431, 434], "summary": {"covered_lines": 3, "num_statements": 6, "percent_covered": 50.0, "percent_covered_display": "50", "missing_lines": 3, "excluded_lines": 0, "percent_statements_covered": 50.0, "percent_statements_covered_display": "50"}, "missing_lines": [436, 437, 438], "excluded_lines": [], "start_line": 417}, "": {"executed_lines": [9, 10, 11, 12, 13, 14, 15, 17, 20, 29, 30, 31, 38, 39, 42, 60, 149, 239, 269, 417], "summary": {"covered_lines": 20, "num_statements": 24, "percent_covered": 83.33333333333333, "percent_covered_display": "83", "missing_lines": 4, "excluded_lines": 0, "percent_statements_covered": 83.33333333333333, "percent_statements_covered_display": "83"}, "missing_lines": [32, 33, 34, 35], "excluded_lines": [], "start_line": 1}}, "classes": {"": {"executed_lines": [9, 10, 11, 12, 13, 14, 15, 17, 20, 29, 30, 31, 38, 39, 42, 52, 56, 57, 60, 74, 75, 77, 80, 81, 90, 91, 92, 96, 97, 117, 118, 149, 161, 174, 175, 176, 186, 189, 190, 191, 192, 193, 194, 197, 198, 199, 200, 202, 203, 204, 205, 208, 209, 212, 213, 214, 215, 216, 217, 218, 219, 221, 239, 249, 251, 254, 269, 417, 429, 431, 434], "summary": {"covered_lines": 71, "num_statements": 144, "percent_covered": 49.30555555555556, "percent_covered_display": "49", "missing_lines": 73, "excluded_lines": 0, "percent_statements_covered": 49.30555555555556, "percent_statements_covered_display": "49"}, "missing_lines": [32, 33, 34, 35, 53, 94, 98, 99, 100, 107, 108, 109, 119, 120, 121, 129, 130, 131, 139, 140, 162, 256, 257, 258, 283, 284, 286, 289, 290, 298, 300, 303, 304, 305, 307, 309, 310, 313, 314, 319, 321, 322, 323, 329, 331, 333, 336, 337, 338, 339, 340, 349, 357, 358, 359, 368, 369, 370, 377, 378, 379, 380, 389, 390, 397, 398, 399, 406, 407, 408, 436, 437, 438], "excluded_lines": [], "start_line": 1}}}, "utils\\cve_translator.py": {"executed_lines": [6, 7, 9, 12, 15, 33, 34, 37, 38, 39, 40, 42, 43, 45, 48, 49, 50, 58, 60, 71, 79, 84, 86, 87, 88, 98, 109, 110, 113, 114, 115, 116, 119, 120, 128, 129, 130, 132, 135, 138, 139], "summary": {"covered_lines": 41, "num_statements": 45, "percent_covered": 91.11111111111111, "percent_covered_display": "91", "missing_lines": 4, "excluded_lines": 0, "percent_statements_covered": 91.11111111111111, "percent_statements_covered_display": "91"}, "missing_lines": [90, 92, 93, 95], "excluded_lines": [], "functions": {"translate_cve_description": {"executed_lines": [33, 34, 37, 38, 39, 40, 42, 43, 45, 48, 49, 50, 58, 60, 71, 79, 84, 86, 87, 88], "summary": {"covered_lines": 20, "num_statements": 24, "percent_covered": 83.33333333333333, "percent_covered_display": "83", "missing_lines": 4, "excluded_lines": 0, "percent_statements_covered": 83.33333333333333, "percent_statements_covered_display": "83"}, "missing_lines": [90, 92, 93, 95], "excluded_lines": [], "start_line": 15}, "translate_cve_response": {"executed_lines": [109, 110, 113, 114, 115, 116, 119, 120, 128, 129, 130, 132], "summary": {"covered_lines": 12, "num_statements": 12, "percent_covered": 100.0, "percent_covered_display": "100", "missing_lines": 0, "excluded_lines": 0, "percent_statements_covered": 100.0, "percent_statements_covered_display": "100"}, "missing_lines": [], "excluded_lines": [], "start_line": 98}, "clear_translation_cache": {"executed_lines": [138, 139], "summary": {"covered_lines": 2, "num_statements": 2, "percent_covered": 100.0, "percent_covered_display": "100", "missing_lines": 0, "excluded_lines": 0, "percent_statements_covered": 100.0, "percent_statements_covered_display": "100"}, "missing_lines": [], "excluded_lines": [], "start_line": 135}, "": {"executed_lines": [6, 7, 9, 12, 15, 98, 135], "summary": {"covered_lines": 7, "num_statements": 7, "percent_covered": 100.0, "percent_covered_display": "100", "missing_lines": 0, "excluded_lines": 0, "percent_statements_covered": 100.0, "percent_statements_covered_display": "100"}, "missing_lines": [], "excluded_lines": [], "start_line": 1}}, "classes": {"": {"executed_lines": [6, 7, 9, 12, 15, 33, 34, 37, 38, 39, 40, 42, 43, 45, 48, 49, 50, 58, 60, 71, 79, 84, 86, 87, 88, 98, 109, 110, 113, 114, 115, 116, 119, 120, 128, 129, 130, 132, 135, 138, 139], "summary": {"covered_lines": 41, "num_statements": 45, "percent_covered": 91.11111111111111, "percent_covered_display": "91", "missing_lines": 4, "excluded_lines": 0, "percent_statements_covered": 91.11111111111111, "percent_statements_covered_display": "91"}, "missing_lines": [90, 92, 93, 95], "excluded_lines": [], "start_line": 1}}}, "utils\\duplicate_detector.py": {"executed_lines": [3, 4, 6, 8, 9, 10, 12, 13, 21, 24, 27, 39, 40, 41, 44, 45, 47, 57, 58, 60, 61, 62, 65, 66, 67, 70, 71, 72, 73, 75, 77, 87, 89, 90, 93, 96, 101, 107, 118, 120, 122, 123, 125, 126, 130, 133, 136, 139, 144, 145, 147, 149, 153, 154, 155, 157, 158, 162, 170, 171, 183, 184, 187, 189, 190, 201, 204, 205, 207, 209, 216, 218, 223, 228, 233, 237, 243, 245, 246, 247, 249], "summary": {"covered_lines": 81, "num_statements": 105, "percent_covered": 77.14285714285714, "percent_covered_display": "77", "missing_lines": 24, "excluded_lines": 0, "percent_statements_covered": 77.14285714285714, "percent_statements_covered_display": "77"}, "missing_lines": [14, 15, 16, 17, 19, 94, 95, 103, 104, 105, 137, 138, 150, 164, 166, 167, 168, 240, 241, 259, 261, 262, 263, 265], "excluded_lines": [], "functions": {"DuplicateDetector.__init__": {"executed_lines": [39, 40, 41, 44, 45], "summary": {"covered_lines": 5, "num_statements": 5, "percent_covered": 100.0, "percent_covered_display": "100", "missing_lines": 0, "excluded_lines": 0, "percent_statements_covered": 100.0, "percent_statements_covered_display": "100"}, "missing_lines": [], "excluded_lines": [], "start_line": 27}, "DuplicateDetector.is_duplicate": {"executed_lines": [57, 58, 60, 61, 62, 65, 66, 67, 70, 71, 72, 73, 75], "summary": {"covered_lines": 13, "num_statements": 13, "percent_covered": 100.0, "percent_covered_display": "100", "missing_lines": 0, "excluded_lines": 0, "percent_statements_covered": 100.0, "percent_statements_covered_display": "100"}, "missing_lines": [], "excluded_lines": [], "start_line": 47}, "DuplicateDetector._is_duplicate_by_url": {"executed_lines": [87, 89, 90, 93, 96, 101], "summary": {"covered_lines": 6, "num_statements": 11, "percent_covered": 54.54545454545455, "percent_covered_display": "55", "missing_lines": 5, "excluded_lines": 0, "percent_statements_covered": 54.54545454545455, "percent_statements_covered_display": "55"}, "missing_lines": [94, 95, 103, 104, 105], "excluded_lines": [], "start_line": 77}, "DuplicateDetector._is_duplicate_by_title": {"executed_lines": [118, 120, 122, 123, 125, 126, 130, 133, 136, 139, 144, 145, 147, 149, 153, 154, 155, 157, 158, 162], "summary": {"covered_lines": 20, "num_statements": 27, "percent_covered": 74.07407407407408, "percent_covered_display": "74", "missing_lines": 7, "excluded_lines": 0, "percent_statements_covered": 74.07407407407408, "percent_statements_covered_display": "74"}, "missing_lines": [137, 138, 150, 164, 166, 167, 168], "excluded_lines": [], "start_line": 107}, "DuplicateDetector._calculate_similarity": {"executed_lines": [183, 184, 187], "summary": {"covered_lines": 3, "num_statements": 3, "percent_covered": 100.0, "percent_covered_display": "100", "missing_lines": 0, "excluded_lines": 0, "percent_statements_covered": 100.0, "percent_statements_covered_display": "100"}, "missing_lines": [], "excluded_lines": [], "start_line": 171}, "DuplicateDetector._normalize_text": {"executed_lines": [201, 204, 205, 207], "summary": {"covered_lines": 4, "num_statements": 4, "percent_covered": 100.0, "percent_covered_display": "100", "missing_lines": 0, "excluded_lines": 0, "percent_statements_covered": 100.0, "percent_statements_covered_display": "100"}, "missing_lines": [], "excluded_lines": [], "start_line": 190}, "DuplicateDetector.cache_existing_articles": {"executed_lines": [216, 218, 223, 228, 233, 237], "summary": {"covered_lines": 6, "num_statements": 8, "percent_covered": 75.0, "percent_covered_display": "75", "missing_lines": 2, "excluded_lines": 0, "percent_statements_covered": 75.0, "percent_statements_covered_display": "75"}, "missing_lines": [240, 241], "excluded_lines": [], "start_line": 209}, "DuplicateDetector.clear_cache": {"executed_lines": [245, 246, 247], "summary": {"covered_lines": 3, "num_statements": 3, "percent_covered": 100.0, "percent_covered_display": "100", "missing_lines": 0, "excluded_lines": 0, "percent_statements_covered": 100.0, "percent_statements_covered_display": "100"}, "missing_lines": [], "excluded_lines": [], "start_line": 243}, "DuplicateDetector.get_duplicate_count": {"executed_lines": [], "summary": {"covered_lines": 0, "num_statements": 5, "percent_covered": 0.0, "percent_covered_display": "0", "missing_lines": 5, "excluded_lines": 0, "percent_statements_covered": 0.0, "percent_statements_covered_display": "0"}, "missing_lines": [259, 261, 262, 263, 265], "excluded_lines": [], "start_line": 249}, "": {"executed_lines": [3, 4, 6, 8, 9, 10, 12, 13, 21, 24, 27, 47, 77, 107, 170, 171, 189, 190, 209, 243, 249], "summary": {"covered_lines": 21, "num_statements": 26, "percent_covered": 80.76923076923077, "percent_covered_display": "81", "missing_lines": 5, "excluded_lines": 0, "percent_statements_covered": 80.76923076923077, "percent_statements_covered_display": "81"}, "missing_lines": [14, 15, 16, 17, 19], "excluded_lines": [], "start_line": 1}}, "classes": {"DuplicateDetector": {"executed_lines": [39, 40, 41, 44, 45, 57, 58, 60, 61, 62, 65, 66, 67, 70, 71, 72, 73, 75, 87, 89, 90, 93, 96, 101, 118, 120, 122, 123, 125, 126, 130, 133, 136, 139, 144, 145, 147, 149, 153, 154, 155, 157, 158, 162, 183, 184, 187, 201, 204, 205, 207, 216, 218, 223, 228, 233, 237, 245, 246, 247], "summary": {"covered_lines": 60, "num_statements": 79, "percent_covered": 75.9493670886076, "percent_covered_display": "76", "missing_lines": 19, "excluded_lines": 0, "percent_statements_covered": 75.9493670886076, "percent_statements_covered_display": "76"}, "missing_lines": [94, 95, 103, 104, 105, 137, 138, 150, 164, 166, 167, 168, 240, 241, 259, 261, 262, 263, 265], "excluded_lines": [], "start_line": 24}, "": {"executed_lines": [3, 4, 6, 8, 9, 10, 12, 13, 21, 24, 27, 47, 77, 107, 170, 171, 189, 190, 209, 243, 249], "summary": {"covered_lines": 21, "num_statements": 26, "percent_covered": 80.76923076923077, "percent_covered_display": "81", "missing_lines": 5, "excluded_lines": 0, "percent_statements_covered": 80.76923076923077, "percent_statements_covered_display": "81"}, "missing_lines": [14, 15, 16, 17, 19], "excluded_lines": [], "start_line": 1}}}, "utils\\logging_setup.py": {"executed_lines": [3, 4, 5, 6, 9, 30, 31, 32, 35, 36, 39, 42, 48, 54, 55, 56, 59, 65, 68, 78, 79, 80], "summary": {"covered_lines": 22, "num_statements": 26, "percent_covered": 84.61538461538461, "percent_covered_display": "85", "missing_lines": 4, "excluded_lines": 0, "percent_statements_covered": 84.61538461538461, "percent_statements_covered_display": "85"}, "missing_lines": [60, 61, 62, 63], "excluded_lines": [], "functions": {"setup_logging": {"executed_lines": [30, 31, 32, 35, 36, 39, 42, 48, 54, 55, 56, 59, 65], "summary": {"covered_lines": 13, "num_statements": 17, "percent_covered": 76.47058823529412, "percent_covered_display": "76", "missing_lines": 4, "excluded_lines": 0, "percent_statements_covered": 76.47058823529412, "percent_statements_covered_display": "76"}, "missing_lines": [60, 61, 62, 63], "excluded_lines": [], "start_line": 9}, "get_logger": {"executed_lines": [78, 79, 80], "summary": {"covered_lines": 3, "num_statements": 3, "percent_covered": 100.0, "percent_covered_display": "100", "missing_lines": 0, "excluded_lines": 0, "percent_statements_covered": 100.0, "percent_statements_covered_display": "100"}, "missing_lines": [], "excluded_lines": [], "start_line": 68}, "": {"executed_lines": [3, 4, 5, 6, 9, 68], "summary": {"covered_lines": 6, "num_statements": 6, "percent_covered": 100.0, "percent_covered_display": "100", "missing_lines": 0, "excluded_lines": 0, "percent_statements_covered": 100.0, "percent_statements_covered_display": "100"}, "missing_lines": [], "excluded_lines": [], "start_line": 1}}, "classes": {"": {"executed_lines": [3, 4, 5, 6, 9, 30, 31, 32, 35, 36, 39, 42, 48, 54, 55, 56, 59, 65, 68, 78, 79, 80], "summary": {"covered_lines": 22, "num_statements": 26, "percent_covered": 84.61538461538461, "percent_covered_display": "85", "missing_lines": 4, "excluded_lines": 0, "percent_statements_covered": 84.61538461538461, "percent_statements_covered_display": "85"}, "missing_lines": [60, 61, 62, 63], "excluded_lines": [], "start_line": 1}}}, "utils\\password_checker.py": {"executed_lines": [9, 10, 11, 12, 13, 14, 16, 19, 28, 38, 39, 49, 50, 51, 52, 53, 56, 57, 58, 59, 60, 61, 62, 63, 64, 67, 68, 73, 74, 75, 77, 79, 81, 83, 86, 89, 90, 91, 92, 95, 98, 101, 105, 106, 109, 110, 111, 112, 113, 114, 115, 116, 117, 118, 119, 120, 121, 123, 138, 151, 154, 155, 157, 158, 162, 163, 164, 165, 166, 167, 172, 184, 186, 188, 189, 190, 198, 199, 200, 217, 231, 232, 233, 234, 236, 241, 242, 243, 244, 245, 246, 273, 286, 289, 290, 291, 292, 295, 296, 297, 309, 310, 311, 314, 315, 318, 343, 356, 359, 360, 361, 362, 365, 366, 367, 379, 380, 381, 384, 385, 386, 388, 413, 424, 425, 432, 433, 434, 435, 436, 439, 440, 441, 442, 443, 446, 447, 450, 451, 452, 453, 455, 458], "summary": {"covered_lines": 143, "num_statements": 183, "percent_covered": 78.14207650273224, "percent_covered_display": "78", "missing_lines": 40, "excluded_lines": 0, "percent_statements_covered": 78.14207650273224, "percent_statements_covered_display": "78"}, "missing_lines": [70, 76, 78, 80, 82, 84, 93, 94, 96, 97, 99, 100, 102, 103, 178, 206, 207, 208, 251, 257, 263, 264, 265, 298, 299, 300, 301, 302, 303, 305, 306, 316, 368, 369, 370, 371, 372, 373, 375, 376], "excluded_lines": [], "functions": {"calculate_password_entropy": {"executed_lines": [38, 39, 49, 50, 51, 52, 53, 56, 57, 58, 59, 60, 61, 62, 63, 64, 67, 68, 73, 74, 75, 77, 79, 81, 83, 86, 89, 90, 91, 92, 95, 98, 101, 105, 106, 109, 110, 111, 112, 113, 114, 115, 116, 117, 118, 119, 120, 121, 123], "summary": {"covered_lines": 49, "num_statements": 63, "percent_covered": 77.77777777777777, "percent_covered_display": "78", "missing_lines": 14, "excluded_lines": 0, "percent_statements_covered": 77.77777777777777, "percent_statements_covered_display": "78"}, "missing_lines": [70, 76, 78, 80, 82, 84, 93, 94, 96, 97, 99, 100, 102, 103], "excluded_lines": [], "start_line": 28}, "check_haveibeenpwned": {"executed_lines": [151, 184, 186, 188, 189, 190, 198, 199, 200], "summary": {"covered_lines": 9, "num_statements": 12, "percent_covered": 75.0, "percent_covered_display": "75", "missing_lines": 3, "excluded_lines": 0, "percent_statements_covered": 75.0, "percent_statements_covered_display": "75"}, "missing_lines": [206, 207, 208], "excluded_lines": [], "start_line": 138}, "check_haveibeenpwned.fetch_pwned_data": {"executed_lines": [154, 155, 157, 158, 162, 163, 164, 165, 166, 167, 172], "summary": {"covered_lines": 11, "num_statements": 12, "percent_covered": 91.66666666666667, "percent_covered_display": "92", "missing_lines": 1, "excluded_lines": 0, "percent_statements_covered": 91.66666666666667, "percent_statements_covered_display": "92"}, "missing_lines": [178], "excluded_lines": [], "start_line": 151}, "check_haveibeenpwned_sync": {"executed_lines": [231, 232, 233, 234, 236, 241, 242, 243, 244, 245, 246], "summary": {"covered_lines": 11, "num_statements": 16, "percent_covered": 68.75, "percent_covered_display": "69", "missing_lines": 5, "excluded_lines": 0, "percent_statements_covered": 68.75, "percent_statements_covered_display": "69"}, "missing_lines": [251, 257, 263, 264, 265], "excluded_lines": [], "start_line": 217}, "check_password_strength_async": {"executed_lines": [286, 289, 290, 291, 292, 295, 296, 297, 309, 310, 311, 314, 315, 318], "summary": {"covered_lines": 14, "num_statements": 23, "percent_covered": 60.869565217391305, "percent_covered_display": "61", "missing_lines": 9, "excluded_lines": 0, "percent_statements_covered": 60.869565217391305, "percent_statements_covered_display": "61"}, "missing_lines": [298, 299, 300, 301, 302, 303, 305, 306, 316], "excluded_lines": [], "start_line": 273}, "check_password_strength": {"executed_lines": [356, 359, 360, 361, 362, 365, 366, 367, 379, 380, 381, 384, 385, 386, 388], "summary": {"covered_lines": 15, "num_statements": 23, "percent_covered": 65.21739130434783, "percent_covered_display": "65", "missing_lines": 8, "excluded_lines": 0, "percent_statements_covered": 65.21739130434783, "percent_statements_covered_display": "65"}, "missing_lines": [368, 369, 370, 371, 372, 373, 375, 376], "excluded_lines": [], "start_line": 343}, "format_password_response": {"executed_lines": [424, 425, 432, 433, 434, 435, 436, 439, 440, 441, 442, 443, 446, 447, 450, 451, 452, 453, 455, 458], "summary": {"covered_lines": 20, "num_statements": 20, "percent_covered": 100.0, "percent_covered_display": "100", "missing_lines": 0, "excluded_lines": 0, "percent_statements_covered": 100.0, "percent_statements_covered_display": "100"}, "missing_lines": [], "excluded_lines": [], "start_line": 413}, "": {"executed_lines": [9, 10, 11, 12, 13, 14, 16, 19, 28, 138, 217, 273, 343, 413], "summary": {"covered_lines": 14, "num_statements": 14, "percent_covered": 100.0, "percent_covered_display": "100", "missing_lines": 0, "excluded_lines": 0, "percent_statements_covered": 100.0, "percent_statements_covered_display": "100"}, "missing_lines": [], "excluded_lines": [], "start_line": 1}}, "classes": {"": {"executed_lines": [9, 10, 11, 12, 13, 14, 16, 19, 28, 38, 39, 49, 50, 51, 52, 53, 56, 57, 58, 59, 60, 61, 62, 63, 64, 67, 68, 73, 74, 75, 77, 79, 81, 83, 86, 89, 90, 91, 92, 95, 98, 101, 105, 106, 109, 110, 111, 112, 113, 114, 115, 116, 117, 118, 119, 120, 121, 123, 138, 151, 154, 155, 157, 158, 162, 163, 164, 165, 166, 167, 172, 184, 186, 188, 189, 190, 198, 199, 200, 217, 231, 232, 233, 234, 236, 241, 242, 243, 244, 245, 246, 273, 286, 289, 290, 291, 292, 295, 296, 297, 309, 310, 311, 314, 315, 318, 343, 356, 359, 360, 361, 362, 365, 366, 367, 379, 380, 381, 384, 385, 386, 388, 413, 424, 425, 432, 433, 434, 435, 436, 439, 440, 441, 442, 443, 446, 447, 450, 451, 452, 453, 455, 458], "summary": {"covered_lines": 143, "num_statements": 183, "percent_covered": 78.14207650273224, "percent_covered_display": "78", "missing_lines": 40, "excluded_lines": 0, "percent_statements_covered": 78.14207650273224, "percent_statements_covered_display": "78"}, "missing_lines": [70, 76, 78, 80, 82, 84, 93, 94, 96, 97, 99, 100, 102, 103, 178, 206, 207, 208, 251, 257, 263, 264, 265, 298, 299, 300, 301, 302, 303, 305, 306, 316, 368, 369, 370, 371, 372, 373, 375, 376], "excluded_lines": [], "start_line": 1}}}, "utils\\performance_dashboard.py": {"executed_lines": [8, 9, 10, 11, 12, 15, 18, 19, 20, 21, 23, 26, 27, 28, 29, 32, 33, 34, 35, 36, 38, 40, 50, 51, 52, 55, 56, 57, 59, 62, 63, 64, 68, 69, 72, 73, 74, 75, 77, 78, 79, 81, 82, 84, 86, 88, 91, 92, 95, 96, 97, 98, 99, 107, 108, 109, 110, 114, 116, 118, 126, 127, 129, 130, 131, 132, 133, 134, 141, 144, 145, 146, 154, 163, 165, 167, 168, 169, 171, 268, 270, 272, 274, 275, 276, 278, 281, 284, 285, 286, 292, 294, 297, 298, 299, 306, 307, 308, 320, 321, 323, 325, 328, 330, 331, 332, 334, 338, 344, 350], "summary": {"covered_lines": 110, "num_statements": 133, "percent_covered": 82.70676691729324, "percent_covered_display": "83", "missing_lines": 23, "excluded_lines": 0, "percent_statements_covered": 82.70676691729324, "percent_statements_covered_display": "83"}, "missing_lines": [60, 61, 66, 112, 155, 156, 158, 159, 160, 161, 313, 314, 326, 340, 341, 346, 347, 352, 353, 354, 357, 358, 359], "excluded_lines": [], "functions": {"PerformanceDashboard.__init__": {"executed_lines": [19, 20, 21], "summary": {"covered_lines": 3, "num_statements": 3, "percent_covered": 100.0, "percent_covered_display": "100", "missing_lines": 0, "excluded_lines": 0, "percent_statements_covered": 100.0, "percent_statements_covered_display": "100"}, "missing_lines": [], "excluded_lines": [], "start_line": 18}, "PerformanceDashboard.load_metrics": {"executed_lines": [26, 27, 28, 29, 32, 33, 34, 35, 36], "summary": {"covered_lines": 9, "num_statements": 9, "percent_covered": 100.0, "percent_covered_display": "100", "missing_lines": 0, "excluded_lines": 0, "percent_statements_covered": 100.0, "percent_statements_covered_display": "100"}, "missing_lines": [], "excluded_lines": [], "start_line": 23}, "PerformanceDashboard.get_performance_summary": {"executed_lines": [40, 50, 51, 52, 55, 56, 57, 59, 62, 63, 64, 68, 69, 72, 73, 74, 75, 77, 78, 79, 81, 82, 84], "summary": {"covered_lines": 23, "num_statements": 26, "percent_covered": 88.46153846153847, "percent_covered_display": "88", "missing_lines": 3, "excluded_lines": 0, "percent_statements_covered": 88.46153846153847, "percent_statements_covered_display": "88"}, "missing_lines": [60, 61, 66], "excluded_lines": [], "start_line": 38}, "PerformanceDashboard.get_endpoint_performance": {"executed_lines": [88, 91, 92, 95, 96, 97, 98, 99, 107, 108, 109, 110, 114], "summary": {"covered_lines": 13, "num_statements": 14, "percent_covered": 92.85714285714286, "percent_covered_display": "93", "missing_lines": 1, "excluded_lines": 0, "percent_statements_covered": 92.85714285714286, "percent_statements_covered_display": "93"}, "missing_lines": [112], "excluded_lines": [], "start_line": 86}, "PerformanceDashboard.get_performance_trends": {"executed_lines": [118, 126, 127, 129, 130, 131, 132, 133, 134, 141, 144, 145, 146, 154, 163], "summary": {"covered_lines": 15, "num_statements": 21, "percent_covered": 71.42857142857143, "percent_covered_display": "71", "missing_lines": 6, "excluded_lines": 0, "percent_statements_covered": 71.42857142857143, "percent_statements_covered_display": "71"}, "missing_lines": [155, 156, 158, 159, 160, 161], "excluded_lines": [], "start_line": 116}, "PerformanceDashboard.generate_html_dashboard": {"executed_lines": [167, 168, 169, 171, 268], "summary": {"covered_lines": 5, "num_statements": 5, "percent_covered": 100.0, "percent_covered_display": "100", "missing_lines": 0, "excluded_lines": 0, "percent_statements_covered": 100.0, "percent_statements_covered_display": "100"}, "missing_lines": [], "excluded_lines": [], "start_line": 165}, "PerformanceDashboard.save_dashboard": {"executed_lines": [272, 274, 275, 276, 278], "summary": {"covered_lines": 5, "num_statements": 5, "percent_covered": 100.0, "percent_covered_display": "100", "missing_lines": 0, "excluded_lines": 0, "percent_statements_covered": 100.0, "percent_statements_covered_display": "100"}, "missing_lines": [], "excluded_lines": [], "start_line": 270}, "PerformanceAlertManager.__init__": {"executed_lines": [285, 286], "summary": {"covered_lines": 2, "num_statements": 2, "percent_covered": 100.0, "percent_covered_display": "100", "missing_lines": 0, "excluded_lines": 0, "percent_statements_covered": 100.0, "percent_statements_covered_display": "100"}, "missing_lines": [], "excluded_lines": [], "start_line": 284}, "PerformanceAlertManager.check_performance_alerts": {"executed_lines": [294, 297, 298, 299, 306, 307, 308, 320, 321], "summary": {"covered_lines": 9, "num_statements": 11, "percent_covered": 81.81818181818181, "percent_covered_display": "82", "missing_lines": 2, "excluded_lines": 0, "percent_statements_covered": 81.81818181818181, "percent_statements_covered_display": "82"}, "missing_lines": [313, 314], "excluded_lines": [], "start_line": 292}, "PerformanceAlertManager.generate_alert_report": {"executed_lines": [325, 328, 330, 331, 332, 334], "summary": {"covered_lines": 6, "num_statements": 7, "percent_covered": 85.71428571428571, "percent_covered_display": "86", "missing_lines": 1, "excluded_lines": 0, "percent_statements_covered": 85.71428571428571, "percent_statements_covered_display": "86"}, "missing_lines": [326], "excluded_lines": [], "start_line": 323}, "quick_performance_check": {"executed_lines": [], "summary": {"covered_lines": 0, "num_statements": 2, "percent_covered": 0.0, "percent_covered_display": "0", "missing_lines": 2, "excluded_lines": 0, "percent_statements_covered": 0.0, "percent_statements_covered_display": "0"}, "missing_lines": [340, 341], "excluded_lines": [], "start_line": 338}, "generate_performance_dashboard": {"executed_lines": [], "summary": {"covered_lines": 0, "num_statements": 2, "percent_covered": 0.0, "percent_covered_display": "0", "missing_lines": 2, "excluded_lines": 0, "percent_statements_covered": 0.0, "percent_statements_covered_display": "0"}, "missing_lines": [346, 347], "excluded_lines": [], "start_line": 344}, "": {"executed_lines": [8, 9, 10, 11, 12, 15, 18, 23, 38, 86, 116, 165, 270, 281, 284, 292, 323, 338, 344, 350], "summary": {"covered_lines": 20, "num_statements": 26, "percent_covered": 76.92307692307692, "percent_covered_display": "77", "missing_lines": 6, "excluded_lines": 0, "percent_statements_covered": 76.92307692307692, "percent_statements_covered_display": "77"}, "missing_lines": [352, 353, 354, 357, 358, 359], "excluded_lines": [], "start_line": 1}}, "classes": {"PerformanceDashboard": {"executed_lines": [19, 20, 21, 26, 27, 28, 29, 32, 33, 34, 35, 36, 40, 50, 51, 52, 55, 56, 57, 59, 62, 63, 64, 68, 69, 72, 73, 74, 75, 77, 78, 79, 81, 82, 84, 88, 91, 92, 95, 96, 97, 98, 99, 107, 108, 109, 110, 114, 118, 126, 127, 129, 130, 131, 132, 133, 134, 141, 144, 145, 146, 154, 163, 167, 168, 169, 171, 268, 272, 274, 275, 276, 278], "summary": {"covered_lines": 73, "num_statements": 83, "percent_covered": 87.95180722891567, "percent_covered_display": "88", "missing_lines": 10, "excluded_lines": 0, "percent_statements_covered": 87.95180722891567, "percent_statements_covered_display": "88"}, "missing_lines": [60, 61, 66, 112, 155, 156, 158, 159, 160, 161], "excluded_lines": [], "start_line": 15}, "PerformanceAlertManager": {"executed_lines": [285, 286, 294, 297, 298, 299, 306, 307, 308, 320, 321, 325, 328, 330, 331, 332, 334], "summary": {"covered_lines": 17, "num_statements": 20, "percent_covered": 85.0, "percent_covered_display": "85", "missing_lines": 3, "excluded_lines": 0, "percent_statements_covered": 85.0, "percent_statements_covered_display": "85"}, "missing_lines": [313, 314, 326], "excluded_lines": [], "start_line": 281}, "": {"executed_lines": [8, 9, 10, 11, 12, 15, 18, 23, 38, 86, 116, 165, 270, 281, 284, 292, 323, 338, 344, 350], "summary": {"covered_lines": 20, "num_statements": 30, "percent_covered": 66.66666666666667, "percent_covered_display": "67", "missing_lines": 10, "excluded_lines": 0, "percent_statements_covered": 66.66666666666667, "percent_statements_covered_display": "67"}, "missing_lines": [340, 341, 346, 347, 352, 353, 354, 357, 358, 359], "excluded_lines": [], "start_line": 1}}}, "utils\\performance_profiler.py": {"executed_lines": [8, 9, 10, 11, 12, 13, 14, 15, 16, 17, 18, 20, 23, 26, 27, 28, 29, 30, 31, 32, 33, 34, 35, 37, 39, 52, 54, 55, 56, 60, 63, 64, 65, 66, 68, 69, 71, 72, 74, 79, 81, 82, 85, 86, 88, 89, 90, 92, 94, 96, 98, 100, 101, 102, 103, 104, 108, 110, 112, 118, 121, 122, 123, 124, 126, 128, 130, 131, 137, 139, 146, 149, 150, 151, 153, 154, 157, 158, 163, 165, 168, 171, 172, 173, 175, 176, 179, 180, 185, 187, 190, 217, 220, 222, 223, 224, 225, 226, 227, 228, 230, 232, 239, 242, 244, 249, 270], "summary": {"covered_lines": 107, "num_statements": 133, "percent_covered": 80.45112781954887, "percent_covered_display": "80", "missing_lines": 26, "excluded_lines": 0, "percent_statements_covered": 80.45112781954887, "percent_statements_covered_display": "80"}, "missing_lines": [57, 105, 106, 114, 115, 193, 194, 195, 196, 198, 199, 201, 204, 205, 206, 207, 208, 210, 212, 214, 240, 251, 252, 254, 255, 257], "excluded_lines": [], "functions": {"PerformanceMetrics.__init__": {"executed_lines": [27, 28, 29, 30, 31, 32, 33, 34, 35], "summary": {"covered_lines": 9, "num_statements": 9, "percent_covered": 100.0, "percent_covered_display": "100", "missing_lines": 0, "excluded_lines": 0, "percent_statements_covered": 100.0, "percent_statements_covered_display": "100"}, "missing_lines": [], "excluded_lines": [], "start_line": 26}, "PerformanceMetrics.to_dict": {"executed_lines": [39], "summary": {"covered_lines": 1, "num_statements": 1, "percent_covered": 100.0, "percent_covered_display": "100", "missing_lines": 0, "excluded_lines": 0, "percent_statements_covered": 100.0, "percent_statements_covered_display": "100"}, "missing_lines": [], "excluded_lines": [], "start_line": 37}, "PerformanceMetrics._calculate_hit_rate": {"executed_lines": [54, 55, 56], "summary": {"covered_lines": 3, "num_statements": 4, "percent_covered": 75.0, "percent_covered_display": "75", "missing_lines": 1, "excluded_lines": 0, "percent_statements_covered": 75.0, "percent_statements_covered_display": "75"}, "missing_lines": [57], "excluded_lines": [], "start_line": 52}, "PerformanceProfiler.__init__": {"executed_lines": [64, 65, 66], "summary": {"covered_lines": 3, "num_statements": 3, "percent_covered": 100.0, "percent_covered_display": "100", "missing_lines": 0, "excluded_lines": 0, "percent_statements_covered": 100.0, "percent_statements_covered_display": "100"}, "missing_lines": [], "excluded_lines": [], "start_line": 63}, "PerformanceProfiler.profile_operation": {"executed_lines": [71, 72, 74, 79, 81, 82, 85, 86, 88, 89, 90, 92, 94, 96], "summary": {"covered_lines": 14, "num_statements": 14, "percent_covered": 100.0, "percent_covered_display": "100", "missing_lines": 0, "excluded_lines": 0, "percent_statements_covered": 100.0, "percent_statements_covered_display": "100"}, "missing_lines": [], "excluded_lines": [], "start_line": 69}, "PerformanceProfiler._get_memory_usage": {"executed_lines": [100, 101, 102, 103, 104], "summary": {"covered_lines": 5, "num_statements": 7, "percent_covered": 71.42857142857143, "percent_covered_display": "71", "missing_lines": 2, "excluded_lines": 0, "percent_statements_covered": 71.42857142857143, "percent_statements_covered_display": "71"}, "missing_lines": [105, 106], "excluded_lines": [], "start_line": 98}, "PerformanceProfiler.get_metrics": {"executed_lines": [110], "summary": {"covered_lines": 1, "num_statements": 1, "percent_covered": 100.0, "percent_covered_display": "100", "missing_lines": 0, "excluded_lines": 0, "percent_statements_covered": 100.0, "percent_statements_covered_display": "100"}, "missing_lines": [], "excluded_lines": [], "start_line": 108}, "PerformanceProfiler.reset": {"executed_lines": [], "summary": {"covered_lines": 0, "num_statements": 2, "percent_covered": 0.0, "percent_covered_display": "0", "missing_lines": 2, "excluded_lines": 0, "percent_statements_covered": 0.0, "percent_statements_covered_display": "0"}, "missing_lines": [114, 115], "excluded_lines": [], "start_line": 112}, "DatabaseQueryProfiler.__init__": {"executed_lines": [122, 123, 124], "summary": {"covered_lines": 3, "num_statements": 3, "percent_covered": 100.0, "percent_covered_display": "100", "missing_lines": 0, "excluded_lines": 0, "percent_statements_covered": 100.0, "percent_statements_covered_display": "100"}, "missing_lines": [], "excluded_lines": [], "start_line": 121}, "DatabaseQueryProfiler.record_query": {"executed_lines": [128, 130, 131], "summary": {"covered_lines": 3, "num_statements": 3, "percent_covered": 100.0, "percent_covered_display": "100", "missing_lines": 0, "excluded_lines": 0, "percent_statements_covered": 100.0, "percent_statements_covered_display": "100"}, "missing_lines": [], "excluded_lines": [], "start_line": 126}, "DatabaseQueryProfiler.get_stats": {"executed_lines": [139], "summary": {"covered_lines": 1, "num_statements": 1, "percent_covered": 100.0, "percent_covered_display": "100", "missing_lines": 0, "excluded_lines": 0, "percent_statements_covered": 100.0, "percent_statements_covered_display": "100"}, "missing_lines": [], "excluded_lines": [], "start_line": 137}, "profile_function": {"executed_lines": [149, 150, 165], "summary": {"covered_lines": 3, "num_statements": 3, "percent_covered": 100.0, "percent_covered_display": "100", "missing_lines": 0, "excluded_lines": 0, "percent_statements_covered": 100.0, "percent_statements_covered_display": "100"}, "missing_lines": [], "excluded_lines": [], "start_line": 146}, "profile_function.wrapper": {"executed_lines": [151, 153, 154, 157, 158, 163], "summary": {"covered_lines": 6, "num_statements": 6, "percent_covered": 100.0, "percent_covered_display": "100", "missing_lines": 0, "excluded_lines": 0, "percent_statements_covered": 100.0, "percent_statements_covered_display": "100"}, "missing_lines": [], "excluded_lines": [], "start_line": 150}, "profile_async_function": {"executed_lines": [171, 172, 187], "summary": {"covered_lines": 3, "num_statements": 3, "percent_covered": 100.0, "percent_covered_display": "100", "missing_lines": 0, "excluded_lines": 0, "percent_statements_covered": 100.0, "percent_statements_covered_display": "100"}, "missing_lines": [], "excluded_lines": [], "start_line": 168}, "profile_async_function.wrapper": {"executed_lines": [173, 175, 176, 179, 180, 185], "summary": {"covered_lines": 6, "num_statements": 6, "percent_covered": 100.0, "percent_covered_display": "100", "missing_lines": 0, "excluded_lines": 0, "percent_statements_covered": 100.0, "percent_statements_covered_display": "100"}, "missing_lines": [], "excluded_lines": [], "start_line": 172}, "detailed_profile": {"executed_lines": [], "summary": {"covered_lines": 0, "num_statements": 3, "percent_covered": 0.0, "percent_covered_display": "0", "missing_lines": 3, "excluded_lines": 0, "percent_statements_covered": 0.0, "percent_statements_covered_display": "0"}, "missing_lines": [193, 194, 214], "excluded_lines": [], "start_line": 190}, "detailed_profile.wrapper": {"executed_lines": [], "summary": {"covered_lines": 0, "num_statements": 12, "percent_covered": 0.0, "percent_covered_display": "0", "missing_lines": 12, "excluded_lines": 0, "percent_statements_covered": 0.0, "percent_statements_covered_display": "0"}, "missing_lines": [195, 196, 198, 199, 201, 204, 205, 206, 207, 208, 210, 212], "excluded_lines": [], "start_line": 194}, "PerformanceMonitor.__new__": {"executed_lines": [223, 224, 225, 226, 227, 228], "summary": {"covered_lines": 6, "num_statements": 6, "percent_covered": 100.0, "percent_covered_display": "100", "missing_lines": 0, "excluded_lines": 0, "percent_statements_covered": 100.0, "percent_statements_covered_display": "100"}, "missing_lines": [], "excluded_lines": [], "start_line": 222}, "PerformanceMonitor.record_operation": {"executed_lines": [232, 239], "summary": {"covered_lines": 2, "num_statements": 3, "percent_covered": 66.66666666666667, "percent_covered_display": "67", "missing_lines": 1, "excluded_lines": 0, "percent_statements_covered": 66.66666666666667, "percent_statements_covered_display": "67"}, "missing_lines": [240], "excluded_lines": [], "start_line": 230}, "PerformanceMonitor.get_slow_operations": {"executed_lines": [244], "summary": {"covered_lines": 1, "num_statements": 1, "percent_covered": 100.0, "percent_covered_display": "100", "missing_lines": 0, "excluded_lines": 0, "percent_statements_covered": 100.0, "percent_statements_covered_display": "100"}, "missing_lines": [], "excluded_lines": [], "start_line": 242}, "PerformanceMonitor.get_performance_summary": {"executed_lines": [], "summary": {"covered_lines": 0, "num_statements": 5, "percent_covered": 0.0, "percent_covered_display": "0", "missing_lines": 5, "excluded_lines": 0, "percent_statements_covered": 0.0, "percent_statements_covered_display": "0"}, "missing_lines": [251, 252, 254, 255, 257], "excluded_lines": [], "start_line": 249}, "": {"executed_lines": [8, 9, 10, 11, 12, 13, 14, 15, 16, 17, 18, 20, 23, 26, 37, 52, 60, 63, 68, 69, 98, 108, 112, 118, 121, 126, 137, 146, 168, 190, 217, 220, 222, 230, 242, 249, 270], "summary": {"covered_lines": 37, "num_statements": 37, "percent_covered": 100.0, "percent_covered_display": "100", "missing_lines": 0, "excluded_lines": 0, "percent_statements_covered": 100.0, "percent_statements_covered_display": "100"}, "missing_lines": [], "excluded_lines": [], "start_line": 1}}, "classes": {"PerformanceMetrics": {"executed_lines": [27, 28, 29, 30, 31, 32, 33, 34, 35, 39, 54, 55, 56], "summary": {"covered_lines": 13, "num_statements": 14, "percent_covered": 92.85714285714286, "percent_covered_display": "93", "missing_lines": 1, "excluded_lines": 0, "percent_statements_covered": 92.85714285714286, "percent_statements_covered_display": "93"}, "missing_lines": [57], "excluded_lines": [], "start_line": 23}, "PerformanceProfiler": {"executed_lines": [64, 65, 66, 71, 72, 74, 79, 81, 82, 85, 86, 88, 89, 90, 92, 94, 96, 100, 101, 102, 103, 104, 110], "summary": {"covered_lines": 23, "num_statements": 27, "percent_covered": 85.18518518518519, "percent_covered_display": "85", "missing_lines": 4, "excluded_lines": 0, "percent_statements_covered": 85.18518518518519, "percent_statements_covered_display": "85"}, "missing_lines": [105, 106, 114, 115], "excluded_lines": [], "start_line": 60}, "DatabaseQueryProfiler": {"executed_lines": [122, 123, 124, 128, 130, 131, 139], "summary": {"covered_lines": 7, "num_statements": 7, "percent_covered": 100.0, "percent_covered_display": "100", "missing_lines": 0, "excluded_lines": 0, "percent_statements_covered": 100.0, "percent_statements_covered_display": "100"}, "missing_lines": [], "excluded_lines": [], "start_line": 118}, "PerformanceMonitor": {"executed_lines": [223, 224, 225, 226, 227, 228, 232, 239, 244], "summary": {"covered_lines": 9, "num_statements": 15, "percent_covered": 60.0, "percent_covered_display": "60", "missing_lines": 6, "excluded_lines": 0, "percent_statements_covered": 60.0, "percent_statements_covered_display": "60"}, "missing_lines": [240, 251, 252, 254, 255, 257], "excluded_lines": [], "start_line": 217}, "": {"executed_lines": [8, 9, 10, 11, 12, 13, 14, 15, 16, 17, 18, 20, 23, 26, 37, 52, 60, 63, 68, 69, 98, 108, 112, 118, 121, 126, 137, 146, 149, 150, 151, 153, 154, 157, 158, 163, 165, 168, 171, 172, 173, 175, 176, 179, 180, 185, 187, 190, 217, 220, 222, 230, 242, 249, 270], "summary": {"covered_lines": 55, "num_statements": 70, "percent_covered": 78.57142857142857, "percent_covered_display": "79", "missing_lines": 15, "excluded_lines": 0, "percent_statements_covered": 78.57142857142857, "percent_statements_covered_display": "79"}, "missing_lines": [193, 194, 195, 196, 198, 199, 201, 204, 205, 206, 207, 208, 210, 212, 214], "excluded_lines": [], "start_line": 1}}}, "utils\\pid_manager.py": {"executed_lines": [], "summary": {"covered_lines": 0, "num_statements": 89, "percent_covered": 0.0, "percent_covered_display": "0", "missing_lines": 89, "excluded_lines": 0, "percent_statements_covered": 0.0, "percent_statements_covered_display": "0"}, "missing_lines": [3, 4, 5, 6, 7, 8, 10, 13, 16, 24, 25, 26, 29, 30, 32, 35, 37, 39, 46, 48, 49, 50, 53, 54, 55, 58, 59, 60, 62, 63, 64, 66, 67, 68, 70, 72, 74, 75, 76, 78, 80, 81, 83, 90, 91, 92, 95, 96, 98, 99, 102, 103, 105, 107, 112, 115, 116, 118, 121, 122, 124, 125, 126, 128, 130, 131, 132, 133, 134, 135, 137, 144, 145, 146, 147, 148, 149, 150, 151, 153, 155, 157, 158, 159, 161, 163, 166, 176, 177], "excluded_lines": [], "functions": {"PIDManager.__init__": {"executed_lines": [], "summary": {"covered_lines": 0, "num_statements": 8, "percent_covered": 0.0, "percent_covered_display": "0", "missing_lines": 8, "excluded_lines": 0, "percent_statements_covered": 0.0, "percent_statements_covered_display": "0"}, "missing_lines": [24, 25, 26, 29, 30, 32, 35, 37], "excluded_lines": [], "start_line": 16}, "PIDManager.acquire_lock": {"executed_lines": [], "summary": {"covered_lines": 0, "num_statements": 16, "percent_covered": 0.0, "percent_covered_display": "0", "missing_lines": 16, "excluded_lines": 0, "percent_statements_covered": 0.0, "percent_statements_covered_display": "0"}, "missing_lines": [46, 48, 49, 50, 53, 54, 55, 58, 59, 60, 62, 63, 64, 66, 67, 68], "excluded_lines": [], "start_line": 39}, "PIDManager.release_lock": {"executed_lines": [], "summary": {"covered_lines": 0, "num_statements": 7, "percent_covered": 0.0, "percent_covered_display": "0", "missing_lines": 7, "excluded_lines": 0, "percent_statements_covered": 0.0, "percent_statements_covered_display": "0"}, "missing_lines": [72, 74, 75, 76, 78, 80, 81], "excluded_lines": [], "start_line": 70}, "PIDManager._is_running": {"executed_lines": [], "summary": {"covered_lines": 0, "num_statements": 20, "percent_covered": 0.0, "percent_covered_display": "0", "missing_lines": 20, "excluded_lines": 0, "percent_statements_covered": 0.0, "percent_statements_covered_display": "0"}, "missing_lines": [90, 91, 92, 95, 96, 98, 99, 102, 103, 105, 107, 112, 115, 116, 118, 121, 122, 124, 125, 126], "excluded_lines": [], "start_line": 83}, "PIDManager._remove_stale_lock": {"executed_lines": [], "summary": {"covered_lines": 0, "num_statements": 6, "percent_covered": 0.0, "percent_covered_display": "0", "missing_lines": 6, "excluded_lines": 0, "percent_statements_covered": 0.0, "percent_statements_covered_display": "0"}, "missing_lines": [130, 131, 132, 133, 134, 135], "excluded_lines": [], "start_line": 128}, "PIDManager.get_lock_pid": {"executed_lines": [], "summary": {"covered_lines": 0, "num_statements": 9, "percent_covered": 0.0, "percent_covered_display": "0", "missing_lines": 9, "excluded_lines": 0, "percent_statements_covered": 0.0, "percent_statements_covered_display": "0"}, "missing_lines": [144, 145, 146, 147, 148, 149, 150, 151, 153], "excluded_lines": [], "start_line": 137}, "PIDManager.__enter__": {"executed_lines": [], "summary": {"covered_lines": 0, "num_statements": 3, "percent_covered": 0.0, "percent_covered_display": "0", "missing_lines": 3, "excluded_lines": 0, "percent_statements_covered": 0.0, "percent_statements_covered_display": "0"}, "missing_lines": [157, 158, 159], "excluded_lines": [], "start_line": 155}, "PIDManager.__exit__": {"executed_lines": [], "summary": {"covered_lines": 0, "num_statements": 1, "percent_covered": 0.0, "percent_covered_display": "0", "missing_lines": 1, "excluded_lines": 0, "percent_statements_covered": 0.0, "percent_statements_covered_display": "0"}, "missing_lines": [163], "excluded_lines": [], "start_line": 161}, "check_existing_instance": {"executed_lines": [], "summary": {"covered_lines": 0, "num_statements": 2, "percent_covered": 0.0, "percent_covered_display": "0", "missing_lines": 2, "excluded_lines": 0, "percent_statements_covered": 0.0, "percent_statements_covered_display": "0"}, "missing_lines": [176, 177], "excluded_lines": [], "start_line": 166}, "": {"executed_lines": [], "summary": {"covered_lines": 0, "num_statements": 17, "percent_covered": 0.0, "percent_covered_display": "0", "missing_lines": 17, "excluded_lines": 0, "percent_statements_covered": 0.0, "percent_statements_covered_display": "0"}, "missing_lines": [3, 4, 5, 6, 7, 8, 10, 13, 16, 39, 70, 83, 128, 137, 155, 161, 166], "excluded_lines": [], "start_line": 1}}, "classes": {"PIDManager": {"executed_lines": [], "summary": {"covered_lines": 0, "num_statements": 70, "percent_covered": 0.0, "percent_covered_display": "0", "missing_lines": 70, "excluded_lines": 0, "percent_statements_covered": 0.0, "percent_statements_covered_display": "0"}, "missing_lines": [24, 25, 26, 29, 30, 32, 35, 37, 46, 48, 49, 50, 53, 54, 55, 58, 59, 60, 62, 63, 64, 66, 67, 68, 72, 74, 75, 76, 78, 80, 81, 90, 91, 92, 95, 96, 98, 99, 102, 103, 105, 107, 112, 115, 116, 118, 121, 122, 124, 125, 126, 130, 131, 132, 133, 134, 135, 144, 145, 146, 147, 148, 149, 150, 151, 153, 157, 158, 159, 163], "excluded_lines": [], "start_line": 13}, "": {"executed_lines": [], "summary": {"covered_lines": 0, "num_statements": 19, "percent_covered": 0.0, "percent_covered_display": "0", "missing_lines": 19, "excluded_lines": 0, "percent_statements_covered": 0.0, "percent_statements_covered_display": "0"}, "missing_lines": [3, 4, 5, 6, 7, 8, 10, 13, 16, 39, 70, 83, 128, 137, 155, 161, 166, 176, 177], "excluded_lines": [], "start_line": 1}}}, "utils\\rate_limiter.py": {"executed_lines": [8, 9, 10, 11, 12, 13, 14, 16, 22, 30, 38, 39, 42, 43, 45, 58, 59, 62, 65, 66, 72, 73, 74, 80, 81, 83, 84, 86, 96, 97, 98, 99, 101, 104, 105, 106, 108, 111, 113, 114, 115, 116, 118, 119, 120, 122, 137, 159, 167, 175, 176, 179, 180, 182, 195, 196, 199, 200, 203, 209, 210, 211, 217, 218, 220, 227, 228, 230, 243, 246, 253, 266, 269, 279, 282, 295, 298, 300, 303, 305, 312], "summary": {"covered_lines": 81, "num_statements": 89, "percent_covered": 91.01123595505618, "percent_covered_display": "91", "missing_lines": 8, "excluded_lines": 0, "percent_statements_covered": 91.01123595505618, "percent_statements_covered_display": "91"}, "missing_lines": [109, 132, 133, 134, 135, 144, 145, 147], "excluded_lines": [], "functions": {"SSEConnectionTracker.__init__": {"executed_lines": [38, 39, 42, 43], "summary": {"covered_lines": 4, "num_statements": 4, "percent_covered": 100.0, "percent_covered_display": "100", "missing_lines": 0, "excluded_lines": 0, "percent_statements_covered": 100.0, "percent_statements_covered_display": "100"}, "missing_lines": [], "excluded_lines": [], "start_line": 30}, "SSEConnectionTracker.increment_connection": {"executed_lines": [58, 59, 62, 65, 66, 72, 73, 74, 80, 81, 83, 84], "summary": {"covered_lines": 12, "num_statements": 12, "percent_covered": 100.0, "percent_covered_display": "100", "missing_lines": 0, "excluded_lines": 0, "percent_statements_covered": 100.0, "percent_statements_covered_display": "100"}, "missing_lines": [], "excluded_lines": [], "start_line": 45}, "SSEConnectionTracker.decrement_connection": {"executed_lines": [96, 97, 98, 99, 101, 104, 105, 106, 108], "summary": {"covered_lines": 9, "num_statements": 10, "percent_covered": 90.0, "percent_covered_display": "90", "missing_lines": 1, "excluded_lines": 0, "percent_statements_covered": 90.0, "percent_statements_covered_display": "90"}, "missing_lines": [109], "excluded_lines": [], "start_line": 86}, "SSEConnectionTracker._cleanup_expired_connections": {"executed_lines": [113, 114, 115, 116, 118, 119, 120], "summary": {"covered_lines": 7, "num_statements": 7, "percent_covered": 100.0, "percent_covered_display": "100", "missing_lines": 0, "excluded_lines": 0, "percent_statements_covered": 100.0, "percent_statements_covered_display": "100"}, "missing_lines": [], "excluded_lines": [], "start_line": 111}, "SSEConnectionTracker.get_connection_count": {"executed_lines": [], "summary": {"covered_lines": 0, "num_statements": 4, "percent_covered": 0.0, "percent_covered_display": "0", "missing_lines": 4, "excluded_lines": 0, "percent_statements_covered": 0.0, "percent_statements_covered_display": "0"}, "missing_lines": [132, 133, 134, 135], "excluded_lines": [], "start_line": 122}, "SSEConnectionTracker.get_stats": {"executed_lines": [], "summary": {"covered_lines": 0, "num_statements": 3, "percent_covered": 0.0, "percent_covered_display": "0", "missing_lines": 3, "excluded_lines": 0, "percent_statements_covered": 0.0, "percent_statements_covered_display": "0"}, "missing_lines": [144, 145, 147], "excluded_lines": [], "start_line": 137}, "RateLimiter.__init__": {"executed_lines": [175, 176, 179, 180], "summary": {"covered_lines": 4, "num_statements": 4, "percent_covered": 100.0, "percent_covered_display": "100", "missing_lines": 0, "excluded_lines": 0, "percent_statements_covered": 100.0, "percent_statements_covered_display": "100"}, "missing_lines": [], "excluded_lines": [], "start_line": 167}, "RateLimiter.check_rate_limit": {"executed_lines": [195, 196, 199, 200, 203, 209, 210, 211, 217, 218], "summary": {"covered_lines": 10, "num_statements": 10, "percent_covered": 100.0, "percent_covered_display": "100", "missing_lines": 0, "excluded_lines": 0, "percent_statements_covered": 100.0, "percent_statements_covered_display": "100"}, "missing_lines": [], "excluded_lines": [], "start_line": 182}, "RateLimiter.get_stats": {"executed_lines": [227, 228, 230], "summary": {"covered_lines": 3, "num_statements": 3, "percent_covered": 100.0, "percent_covered_display": "100", "missing_lines": 0, "excluded_lines": 0, "percent_statements_covered": 100.0, "percent_statements_covered_display": "100"}, "missing_lines": [], "excluded_lines": [], "start_line": 220}, "check_sse_limit": {"executed_lines": [266], "summary": {"covered_lines": 1, "num_statements": 1, "percent_covered": 100.0, "percent_covered_display": "100", "missing_lines": 0, "excluded_lines": 0, "percent_statements_covered": 100.0, "percent_statements_covered_display": "100"}, "missing_lines": [], "excluded_lines": [], "start_line": 253}, "release_sse_connection": {"executed_lines": [279], "summary": {"covered_lines": 1, "num_statements": 1, "percent_covered": 100.0, "percent_covered_display": "100", "missing_lines": 0, "excluded_lines": 0, "percent_statements_covered": 100.0, "percent_statements_covered_display": "100"}, "missing_lines": [], "excluded_lines": [], "start_line": 269}, "check_api_rate_limit": {"executed_lines": [295], "summary": {"covered_lines": 1, "num_statements": 1, "percent_covered": 100.0, "percent_covered_display": "100", "missing_lines": 0, "excluded_lines": 0, "percent_statements_covered": 100.0, "percent_statements_covered_display": "100"}, "missing_lines": [], "excluded_lines": [], "start_line": 282}, "get_sse_stats": {"executed_lines": [300], "summary": {"covered_lines": 1, "num_statements": 1, "percent_covered": 100.0, "percent_covered_display": "100", "missing_lines": 0, "excluded_lines": 0, "percent_statements_covered": 100.0, "percent_statements_covered_display": "100"}, "missing_lines": [], "excluded_lines": [], "start_line": 298}, "get_rate_limiter_stats": {"executed_lines": [305], "summary": {"covered_lines": 1, "num_statements": 1, "percent_covered": 100.0, "percent_covered_display": "100", "missing_lines": 0, "excluded_lines": 0, "percent_statements_covered": 100.0, "percent_statements_covered_display": "100"}, "missing_lines": [], "excluded_lines": [], "start_line": 303}, "": {"executed_lines": [8, 9, 10, 11, 12, 13, 14, 16, 22, 30, 45, 86, 111, 122, 137, 159, 167, 182, 220, 243, 246, 253, 269, 282, 298, 303, 312], "summary": {"covered_lines": 27, "num_statements": 27, "percent_covered": 100.0, "percent_covered_display": "100", "missing_lines": 0, "excluded_lines": 0, "percent_statements_covered": 100.0, "percent_statements_covered_display": "100"}, "missing_lines": [], "excluded_lines": [], "start_line": 1}}, "classes": {"SSEConnectionTracker": {"executed_lines": [38, 39, 42, 43, 58, 59, 62, 65, 66, 72, 73, 74, 80, 81, 83, 84, 96, 97, 98, 99, 101, 104, 105, 106, 108, 113, 114, 115, 116, 118, 119, 120], "summary": {"covered_lines": 32, "num_statements": 40, "percent_covered": 80.0, "percent_covered_display": "80", "missing_lines": 8, "excluded_lines": 0, "percent_statements_covered": 80.0, "percent_statements_covered_display": "80"}, "missing_lines": [109, 132, 133, 134, 135, 144, 145, 147], "excluded_lines": [], "start_line": 22}, "RateLimiter": {"executed_lines": [175, 176, 179, 180, 195, 196, 199, 200, 203, 209, 210, 211, 217, 218, 227, 228, 230], "summary": {"covered_lines": 17, "num_statements": 17, "percent_covered": 100.0, "percent_covered_display": "100", "missing_lines": 0, "excluded_lines": 0, "percent_statements_covered": 100.0, "percent_statements_covered_display": "100"}, "missing_lines": [], "excluded_lines": [], "start_line": 159}, "": {"executed_lines": [8, 9, 10, 11, 12, 13, 14, 16, 22, 30, 45, 86, 111, 122, 137, 159, 167, 182, 220, 243, 246, 253, 266, 269, 279, 282, 295, 298, 300, 303, 305, 312], "summary": {"covered_lines": 32, "num_statements": 32, "percent_covered": 100.0, "percent_covered_display": "100", "missing_lines": 0, "excluded_lines": 0, "percent_statements_covered": 100.0, "percent_statements_covered_display": "100"}, "missing_lines": [], "excluded_lines": [], "start_line": 1}}}, "utils\\retry.py": {"executed_lines": [], "summary": {"covered_lines": 0, "num_statements": 43, "percent_covered": 0.0, "percent_covered_display": "0", "missing_lines": 43, "excluded_lines": 0, "percent_statements_covered": 0.0, "percent_statements_covered_display": "0"}, "missing_lines": [3, 4, 5, 6, 7, 8, 9, 10, 13, 37, 38, 39, 41, 43, 44, 45, 46, 47, 49, 50, 51, 52, 53, 55, 56, 57, 59, 61, 62, 65, 68, 84, 85, 86, 87, 89, 99, 100, 102, 103, 105, 106, 116], "excluded_lines": [], "functions": {"retry_on_failure": {"executed_lines": [], "summary": {"covered_lines": 0, "num_statements": 7, "percent_covered": 0.0, "percent_covered_display": "0", "missing_lines": 7, "excluded_lines": 0, "percent_statements_covered": 0.0, "percent_statements_covered_display": "0"}, "missing_lines": [37, 38, 39, 41, 43, 44, 62], "excluded_lines": [], "start_line": 13}, "retry_on_failure.decorator": {"executed_lines": [], "summary": {"covered_lines": 0, "num_statements": 2, "percent_covered": 0.0, "percent_covered_display": "0", "missing_lines": 2, "excluded_lines": 0, "percent_statements_covered": 0.0, "percent_statements_covered_display": "0"}, "missing_lines": [45, 61], "excluded_lines": [], "start_line": 43}, "retry_on_failure.decorator.wrapper": {"executed_lines": [], "summary": {"covered_lines": 0, "num_statements": 11, "percent_covered": 0.0, "percent_covered_display": "0", "missing_lines": 11, "excluded_lines": 0, "percent_statements_covered": 0.0, "percent_statements_covered_display": "0"}, "missing_lines": [46, 47, 49, 50, 51, 52, 53, 55, 56, 57, 59], "excluded_lines": [], "start_line": 45}, "RetryConfig.__init__": {"executed_lines": [], "summary": {"covered_lines": 0, "num_statements": 4, "percent_covered": 0.0, "percent_covered_display": "0", "missing_lines": 4, "excluded_lines": 0, "percent_statements_covered": 0.0, "percent_statements_covered_display": "0"}, "missing_lines": [84, 85, 86, 87], "excluded_lines": [], "start_line": 68}, "RetryConfig.get_delay": {"executed_lines": [], "summary": {"covered_lines": 0, "num_statements": 4, "percent_covered": 0.0, "percent_covered_display": "0", "missing_lines": 4, "excluded_lines": 0, "percent_statements_covered": 0.0, "percent_statements_covered_display": "0"}, "missing_lines": [99, 100, 102, 103], "excluded_lines": [], "start_line": 89}, "RetryConfig.from_dict": {"executed_lines": [], "summary": {"covered_lines": 0, "num_statements": 1, "percent_covered": 0.0, "percent_covered_display": "0", "missing_lines": 1, "excluded_lines": 0, "percent_statements_covered": 0.0, "percent_statements_covered_display": "0"}, "missing_lines": [116], "excluded_lines": [], "start_line": 106}, "": {"executed_lines": [], "summary": {"covered_lines": 0, "num_statements": 14, "percent_covered": 0.0, "percent_covered_display": "0", "missing_lines": 14, "excluded_lines": 0, "percent_statements_covered": 0.0, "percent_statements_covered_display": "0"}, "missing_lines": [3, 4, 5, 6, 7, 8, 9, 10, 13, 65, 68, 89, 105, 106], "excluded_lines": [], "start_line": 1}}, "classes": {"RetryConfig": {"executed_lines": [], "summary": {"covered_lines": 0, "num_statements": 9, "percent_covered": 0.0, "percent_covered_display": "0", "missing_lines": 9, "excluded_lines": 0, "percent_statements_covered": 0.0, "percent_statements_covered_display": "0"}, "missing_lines": [84, 85, 86, 87, 99, 100, 102, 103, 116], "excluded_lines": [], "start_line": 65}, "": {"executed_lines": [], "summary": {"covered_lines": 0, "num_statements": 34, "percent_covered": 0.0, "percent_covered_display": "0", "missing_lines": 34, "excluded_lines": 0, "percent_statements_covered": 0.0, "percent_statements_covered_display": "0"}, "missing_lines": [3, 4, 5, 6, 7, 8, 9, 10, 13, 37, 38, 39, 41, 43, 44, 45, 46, 47, 49, 50, 51, 52, 53, 55, 56, 57, 59, 61, 62, 65, 68, 89, 105, 106], "excluded_lines": [], "start_line": 1}}}, "utils\\statistics.py": {"executed_lines": [], "summary": {"covered_lines": 0, "num_statements": 150, "percent_covered": 0.0, "percent_covered_display": "0", "missing_lines": 150, "excluded_lines": 0, "percent_statements_covered": 0.0, "percent_statements_covered_display": "0"}, "missing_lines": [3, 4, 5, 6, 7, 8, 10, 13, 16, 24, 25, 26, 29, 30, 33, 42, 43, 44, 45, 46, 49, 51, 53, 54, 56, 57, 59, 61, 62, 64, 65, 67, 75, 76, 78, 79, 81, 89, 90, 92, 93, 95, 103, 104, 106, 107, 109, 117, 118, 120, 121, 123, 131, 132, 134, 135, 137, 144, 145, 146, 148, 155, 156, 157, 158, 160, 167, 168, 169, 171, 178, 193, 195, 197, 198, 200, 201, 202, 205, 206, 207, 208, 211, 212, 213, 214, 215, 216, 219, 220, 221, 222, 223, 224, 225, 228, 229, 230, 231, 232, 233, 234, 235, 236, 238, 240, 242, 243, 245, 246, 247, 248, 251, 252, 255, 256, 257, 258, 259, 260, 262, 264, 265, 267, 274, 275, 277, 279, 280, 281, 284, 285, 286, 288, 289, 291, 292, 293, 295, 297, 298, 300, 301, 302, 303, 304, 305, 306, 307, 309], "excluded_lines": [], "functions": {"StatisticsTracker.__init__": {"executed_lines": [], "summary": {"covered_lines": 0, "num_statements": 12, "percent_covered": 0.0, "percent_covered_display": "0", "missing_lines": 12, "excluded_lines": 0, "percent_statements_covered": 0.0, "percent_statements_covered_display": "0"}, "missing_lines": [24, 25, 26, 29, 30, 33, 42, 43, 44, 45, 46, 49], "excluded_lines": [], "start_line": 16}, "StatisticsTracker.start": {"executed_lines": [], "summary": {"covered_lines": 0, "num_statements": 4, "percent_covered": 0.0, "percent_covered_display": "0", "missing_lines": 4, "excluded_lines": 0, "percent_statements_covered": 0.0, "percent_statements_covered_display": "0"}, "missing_lines": [53, 54, 56, 57], "excluded_lines": [], "start_line": 51}, "StatisticsTracker.stop": {"executed_lines": [], "summary": {"covered_lines": 0, "num_statements": 4, "percent_covered": 0.0, "percent_covered_display": "0", "missing_lines": 4, "excluded_lines": 0, "percent_statements_covered": 0.0, "percent_statements_covered_display": "0"}, "missing_lines": [61, 62, 64, 65], "excluded_lines": [], "start_line": 59}, "StatisticsTracker.record_article_found": {"executed_lines": [], "summary": {"covered_lines": 0, "num_statements": 4, "percent_covered": 0.0, "percent_covered_display": "0", "missing_lines": 4, "excluded_lines": 0, "percent_statements_covered": 0.0, "percent_statements_covered_display": "0"}, "missing_lines": [75, 76, 78, 79], "excluded_lines": [], "start_line": 67}, "StatisticsTracker.record_article_parsed": {"executed_lines": [], "summary": {"covered_lines": 0, "num_statements": 4, "percent_covered": 0.0, "percent_covered_display": "0", "missing_lines": 4, "excluded_lines": 0, "percent_statements_covered": 0.0, "percent_statements_covered_display": "0"}, "missing_lines": [89, 90, 92, 93], "excluded_lines": [], "start_line": 81}, "StatisticsTracker.record_article_inserted": {"executed_lines": [], "summary": {"covered_lines": 0, "num_statements": 4, "percent_covered": 0.0, "percent_covered_display": "0", "missing_lines": 4, "excluded_lines": 0, "percent_statements_covered": 0.0, "percent_statements_covered_display": "0"}, "missing_lines": [103, 104, 106, 107], "excluded_lines": [], "start_line": 95}, "StatisticsTracker.record_article_skipped": {"executed_lines": [], "summary": {"covered_lines": 0, "num_statements": 4, "percent_covered": 0.0, "percent_covered_display": "0", "missing_lines": 4, "excluded_lines": 0, "percent_statements_covered": 0.0, "percent_statements_covered_display": "0"}, "missing_lines": [117, 118, 120, 121], "excluded_lines": [], "start_line": 109}, "StatisticsTracker.record_error": {"executed_lines": [], "summary": {"covered_lines": 0, "num_statements": 4, "percent_covered": 0.0, "percent_covered_display": "0", "missing_lines": 4, "excluded_lines": 0, "percent_statements_covered": 0.0, "percent_statements_covered_display": "0"}, "missing_lines": [131, 132, 134, 135], "excluded_lines": [], "start_line": 123}, "StatisticsTracker.get_duration": {"executed_lines": [], "summary": {"covered_lines": 0, "num_statements": 3, "percent_covered": 0.0, "percent_covered_display": "0", "missing_lines": 3, "excluded_lines": 0, "percent_statements_covered": 0.0, "percent_statements_covered_display": "0"}, "missing_lines": [144, 145, 146], "excluded_lines": [], "start_line": 137}, "StatisticsTracker.get_articles_per_minute": {"executed_lines": [], "summary": {"covered_lines": 0, "num_statements": 4, "percent_covered": 0.0, "percent_covered_display": "0", "missing_lines": 4, "excluded_lines": 0, "percent_statements_covered": 0.0, "percent_statements_covered_display": "0"}, "missing_lines": [155, 156, 157, 158], "excluded_lines": [], "start_line": 148}, "StatisticsTracker.get_success_rate": {"executed_lines": [], "summary": {"covered_lines": 0, "num_statements": 3, "percent_covered": 0.0, "percent_covered_display": "0", "missing_lines": 3, "excluded_lines": 0, "percent_statements_covered": 0.0, "
[...]
 173, 174, 175, 185, 186], "excluded_lines": [], "functions": {"sanitize_html": {"executed_lines": [15, 19, 22, 24], "summary": {"covered_lines": 4, "num_statements": 5, "percent_covered": 80.0, "percent_covered_display": "80", "missing_lines": 1, "excluded_lines": 0, "percent_statements_covered": 80.0, "percent_statements_covered_display": "80"}, "missing_lines": [16], "excluded_lines": [], "start_line": 13}, "sanitize_input": {"executed_lines": [], "summary": {"covered_lines": 0, "num_statements": 7, "percent_covered": 0.0, "percent_covered_display": "0", "missing_lines": 7, "excluded_lines": 0, "percent_statements_covered": 0.0, "percent_statements_covered_display": "0"}, "missing_lines": [29, 30, 33, 36, 37, 40, 42], "excluded_lines": [], "start_line": 27}, "truncate_text": {"executed_lines": [47, 48, 50], "summary": {"covered_lines": 3, "num_statements": 3, "percent_covered": 100.0, "percent_covered_display": "100", "missing_lines": 0, "excluded_lines": 0, "percent_statements_covered": 100.0, "percent_statements_covered_display": "100"}, "missing_lines": [], "excluded_lines": [], "start_line": 45}, "format_timestamp": {"executed_lines": [55, 56, 58, 59, 60, 61], "summary": {"covered_lines": 6, "num_statements": 6, "percent_covered": 100.0, "percent_covered_display": "100", "missing_lines": 0, "excluded_lines": 0, "percent_statements_covered": 100.0, "percent_statements_covered_display": "100"}, "missing_lines": [], "excluded_lines": [], "start_line": 53}, "format_file_size": {"executed_lines": [66, 67, 69, 70, 71, 73, 74, 75, 77, 78], "summary": {"covered_lines": 10, "num_statements": 10, "percent_covered": 100.0, "percent_covered_display": "100", "missing_lines": 0, "excluded_lines": 0, "percent_statements_covered": 100.0, "percent_statements_covered_display": "100"}, "missing_lines": [], "excluded_lines": [], "start_line": 64}, "format_duration": {"executed_lines": [83, 84, 86, 87, 89, 90, 92, 93, 95, 96, 98], "summary": {"covered_lines": 11, "num_statements": 11, "percent_covered": 100.0, "percent_covered_display": "100", "missing_lines": 0, "excluded_lines": 0, "percent_statements_covered": 100.0, "percent_statements_covered_display": "100"}, "missing_lines": [], "excluded_lines": [], "start_line": 81}, "extract_urls": {"executed_lines": [103, 104], "summary": {"covered_lines": 2, "num_statements": 2, "percent_covered": 100.0, "percent_covered_display": "100", "missing_lines": 0, "excluded_lines": 0, "percent_statements_covered": 100.0, "percent_statements_covered_display": "100"}, "missing_lines": [], "excluded_lines": [], "start_line": 101}, "validate_email": {"executed_lines": [], "summary": {"covered_lines": 0, "num_statements": 2, "percent_covered": 0.0, "percent_covered_display": "0", "missing_lines": 2, "excluded_lines": 0, "percent_statements_covered": 0.0, "percent_statements_covered_display": "0"}, "missing_lines": [109, 110], "excluded_lines": [], "start_line": 107}, "validate_url": {"executed_lines": [], "summary": {"covered_lines": 0, "num_statements": 2, "percent_covered": 0.0, "percent_covered_display": "0", "missing_lines": 2, "excluded_lines": 0, "percent_statements_covered": 0.0, "percent_statements_covered_display": "0"}, "missing_lines": [115, 116], "excluded_lines": [], "start_line": 113}, "clean_whitespace": {"executed_lines": [122, 125, 127], "summary": {"covered_lines": 3, "num_statements": 3, "percent_covered": 100.0, "percent_covered_display": "100", "missing_lines": 0, "excluded_lines": 0, "percent_statements_covered": 100.0, "percent_statements_covered_display": "100"}, "missing_lines": [], "excluded_lines": [], "start_line": 119}, "count_words": {"executed_lines": [132, 133], "summary": {"covered_lines": 2, "num_statements": 2, "percent_covered": 100.0, "percent_covered_display": "100", "missing_lines": 0, "excluded_lines": 0, "percent_statements_covered": 100.0, "percent_statements_covered_display": "100"}, "missing_lines": [], "excluded_lines": [], "start_line": 130}, "count_sentences": {"executed_lines": [139, 141, 142], "summary": {"covered_lines": 3, "num_statements": 3, "percent_covered": 100.0, "percent_covered_display": "100", "missing_lines": 0, "excluded_lines": 0, "percent_statements_covered": 100.0, "percent_statements_covered_display": "100"}, "missing_lines": [], "excluded_lines": [], "start_line": 136}, "extract_keywords": {"executed_lines": [148, 151, 154, 155, 156, 157, 158, 161, 162, 163, 166, 167], "summary": {"covered_lines": 12, "num_statements": 12, "percent_covered": 100.0, "percent_covered_display": "100", "missing_lines": 0, "excluded_lines": 0, "percent_statements_covered": 100.0, "percent_statements_covered_display": "100"}, "missing_lines": [], "excluded_lines": [], "start_line": 145}, "format_error_message": {"executed_lines": [], "summary": {"covered_lines": 0, "num_statements": 4, "percent_covered": 0.0, "percent_covered_display": "0", "missing_lines": 4, "excluded_lines": 0, "percent_statements_covered": 0.0, "percent_statements_covered_display": "0"}, "missing_lines": [172, 173, 174, 175], "excluded_lines": [], "start_line": 170}, "safe_string_cast": {"executed_lines": [180, 181, 183, 184], "summary": {"covered_lines": 4, "num_statements": 6, "percent_covered": 66.66666666666667, "percent_covered_display": "67", "missing_lines": 2, "excluded_lines": 0, "percent_statements_covered": 66.66666666666667, "percent_statements_covered_display": "67"}, "missing_lines": [185, 186], "excluded_lines": [], "start_line": 178}, "normalize_whitespace": {"executed_lines": [191], "summary": {"covered_lines": 1, "num_statements": 1, "percent_covered": 100.0, "percent_covered_display": "100", "missing_lines": 0, "excluded_lines": 0, "percent_statements_covered": 100.0, "percent_statements_covered_display": "100"}, "missing_lines": [], "excluded_lines": [], "start_line": 189}, "": {"executed_lines": [8, 9, 10, 13, 27, 45, 53, 64, 81, 101, 107, 113, 119, 130, 136, 145, 170, 178, 189], "summary": {"covered_lines": 19, "num_statements": 19, "percent_covered": 100.0, "percent_covered_display": "100", "missing_lines": 0, "excluded_lines": 0, "percent_statements_covered": 100.0, "percent_statements_covered_display": "100"}, "missing_lines": [], "excluded_lines": [], "start_line": 1}}, "classes": {"": {"executed_lines": [8, 9, 10, 13, 15, 19, 22, 24, 27, 45, 47, 48, 50, 53, 55, 56, 58, 59, 60, 61, 64, 66, 67, 69, 70, 71, 73, 74, 75, 77, 78, 81, 83, 84, 86, 87, 89, 90, 92, 93, 95, 96, 98, 101, 103, 104, 107, 113, 119, 122, 125, 127, 130, 132, 133, 136, 139, 141, 142, 145, 148, 151, 154, 155, 156, 157, 158, 161, 162, 163, 166, 167, 170, 178, 180, 181, 183, 184, 189, 191], "summary": {"covered_lines": 80, "num_statements": 98, "percent_covered": 81.63265306122449, "percent_covered_display": "82", "missing_lines": 18, "excluded_lines": 0, "percent_statements_covered": 81.63265306122449, "percent_statements_covered_display": "82"}, "missing_lines": [16, 29, 30, 33, 36, 37, 40, 42, 109, 110, 115, 116, 172, 173, 174, 175, 185, 186], "excluded_lines": [], "start_line": 1}}}, "utils\\url_scanner.py": {"executed_lines": [9, 10, 11, 12, 13, 14, 15, 16, 17, 18, 20, 23, 24, 25, 36, 40, 50, 51, 54, 55, 58, 62, 63, 67, 68, 71, 72, 74, 77, 78, 79, 82, 85, 91, 103, 105, 112, 113, 114, 121, 122, 123, 125, 126, 130, 132, 133, 137, 138, 139, 140, 141, 142, 143, 144, 147, 148, 157, 158, 180, 181, 182, 233, 234, 254, 395, 482, 539, 574], "summary": {"covered_lines": 69, "num_statements": 260, "percent_covered": 26.53846153846154, "percent_covered_display": "27", "missing_lines": 191, "excluded_lines": 0, "percent_statements_covered": 26.53846153846154, "percent_statements_covered_display": "27"}, "missing_lines": [26, 27, 28, 29, 30, 31, 32, 33, 37, 59, 64, 83, 87, 88, 106, 146, 150, 151, 152, 153, 154, 163, 164, 165, 171, 172, 173, 190, 191, 192, 194, 195, 196, 197, 198, 199, 203, 204, 205, 206, 207, 208, 209, 210, 211, 213, 214, 215, 218, 219, 220, 221, 222, 224, 235, 236, 237, 244, 245, 246, 268, 269, 275, 276, 277, 284, 285, 287, 288, 293, 294, 295, 300, 301, 302, 303, 304, 305, 306, 307, 309, 310, 311, 313, 314, 315, 318, 319, 325, 326, 327, 333, 334, 335, 342, 343, 344, 352, 353, 354, 356, 357, 358, 359, 360, 361, 366, 367, 368, 369, 370, 371, 372, 373, 374, 376, 377, 378, 381, 382, 383, 384, 385, 387, 407, 408, 419, 422, 424, 425, 426, 427, 429, 431, 432, 449, 451, 452, 453, 454, 455, 456, 458, 459, 461, 493, 502, 503, 505, 506, 507, 508, 510, 511, 512, 514, 515, 516, 518, 519, 520, 521, 522, 523, 525, 526, 528, 550, 552, 555, 557, 558, 559, 562, 563, 566, 568, 569, 571, 584, 586, 589, 591, 592, 593, 596, 597, 600, 602, 603, 605], "excluded_lines": [], "functions": {"validate_url": {"executed_lines": [50, 51, 54, 55, 58, 62, 63, 67, 68, 71, 72, 74, 77, 78, 79, 82, 85], "summary": {"covered_lines": 17, "num_statements": 22, "percent_covered": 77.27272727272727, "percent_covered_display": "77", "missing_lines": 5, "excluded_lines": 0, "percent_statements_covered": 77.27272727272727, "percent_statements_covered_display": "77"}, "missing_lines": [59, 64, 83, 87, 88], "excluded_lines": [], "start_line": 40}, "scan_url_virustotal_async": {"executed_lines": [103, 233, 234], "summary": {"covered_lines": 3, "num_statements": 9, "percent_covered": 33.333333333333336, "percent_covered_display": "33", "missing_lines": 6, "excluded_lines": 0, "percent_statements_covered": 33.333333333333336, "percent_statements_covered_display": "33"}, "missing_lines": [235, 236, 237, 244, 245, 246], "excluded_lines": [], "start_line": 91}, "scan_url_virustotal_async._scan_with_virustotal": {"executed_lines": [105, 112, 113, 114, 121, 122, 123, 125, 126, 130, 132, 133, 137, 138, 139, 140, 141, 142, 143, 144, 147, 148, 157, 158, 180, 181, 182], "summary": {"covered_lines": 27, "num_statements": 67, "percent_covered": 40.298507462686565, "percent_covered_display": "40", "missing_lines": 40, "excluded_lines": 0, "percent_statements_covered": 40.298507462686565, "percent_statements_covered_display": "40"}, "missing_lines": [106, 146, 150, 151, 152, 153, 154, 163, 164, 165, 171, 172, 173, 190, 191, 192, 194, 195, 196, 197, 198, 199, 203, 204, 205, 206, 207, 208, 209, 210, 211, 213, 214, 215, 218, 219, 220, 221, 222, 224], "excluded_lines": [], "start_line": 103}, "scan_url_virustotal": {"executed_lines": [], "summary": {"covered_lines": 0, "num_statements": 64, "percent_covered": 0.0, "percent_covered_display": "0", "missing_lines": 64, "excluded_lines": 0, "percent_statements_covered": 0.0, "percent_statements_covered_display": "0"}, "missing_lines": [268, 269, 275, 276, 277, 284, 285, 287, 288, 293, 294, 295, 300, 301, 302, 303, 304, 305, 306, 307, 309, 310, 311, 313, 314, 315, 318, 319, 325, 326, 327, 333, 334, 335, 342, 343, 344, 352, 353, 354, 356, 357, 358, 359, 360, 361, 366, 367, 368, 369, 370, 371, 372, 373, 374, 376, 377, 378, 381, 382, 383, 384, 385, 387], "excluded_lines": [], "start_line": 254}, "parse_virustotal_results": {"executed_lines": [], "summary": {"covered_lines": 0, "num_statements": 21, "percent_covered": 0.0, "percent_covered_display": "0", "missing_lines": 21, "excluded_lines": 0, "percent_statements_covered": 0.0, "percent_statements_covered_display": "0"}, "missing_lines": [407, 408, 419, 422, 424, 425, 426, 427, 429, 431, 432, 449, 451, 452, 453, 454, 455, 456, 458, 459, 461], "excluded_lines": [], "start_line": 395}, "basic_phishing_check": {"executed_lines": [], "summary": {"covered_lines": 0, "num_statements": 22, "percent_covered": 0.0, "percent_covered_display": "0", "missing_lines": 22, "excluded_lines": 0, "percent_statements_covered": 0.0, "percent_statements_covered_display": "0"}, "missing_lines": [493, 502, 503, 505, 506, 507, 508, 510, 511, 512, 514, 515, 516, 518, 519, 520, 521, 522, 523, 525, 526, 528], "excluded_lines": [], "start_line": 482}, "check_phishing_url_async": {"executed_lines": [], "summary": {"covered_lines": 0, "num_statements": 12, "percent_covered": 0.0, "percent_covered_display": "0", "missing_lines": 12, "excluded_lines": 0, "percent_statements_covered": 0.0, "percent_statements_covered_display": "0"}, "missing_lines": [550, 552, 555, 557, 558, 559, 562, 563, 566, 568, 569, 571], "excluded_lines": [], "start_line": 539}, "check_phishing_url": {"executed_lines": [], "summary": {"covered_lines": 0, "num_statements": 12, "percent_covered": 0.0, "percent_covered_display": "0", "missing_lines": 12, "excluded_lines": 0, "percent_statements_covered": 0.0, "percent_statements_covered_display": "0"}, "missing_lines": [584, 586, 589, 591, 592, 593, 596, 597, 600, 602, 603, 605], "excluded_lines": [], "start_line": 574}, "": {"executed_lines": [9, 10, 11, 12, 13, 14, 15, 16, 17, 18, 20, 23, 24, 25, 36, 40, 91, 254, 395, 482, 539, 574], "summary": {"covered_lines": 22, "num_statements": 31, "percent_covered": 70.96774193548387, "percent_covered_display": "71", "missing_lines": 9, "excluded_lines": 0, "percent_statements_covered": 70.96774193548387, "percent_statements_covered_display": "71"}, "missing_lines": [26, 27, 28, 29, 30, 31, 32, 33, 37], "excluded_lines": [], "start_line": 1}}, "classes": {"": {"executed_lines": [9, 10, 11, 12, 13, 14, 15, 16, 17, 18, 20, 23, 24, 25, 36, 40, 50, 51, 54, 55, 58, 62, 63, 67, 68, 71, 72, 74, 77, 78, 79, 82, 85, 91, 103, 105, 112, 113, 114, 121, 122, 123, 125, 126, 130, 132, 133, 137, 138, 139, 140, 141, 142, 143, 144, 147, 148, 157, 158, 180, 181, 182, 233, 234, 254, 395, 482, 539, 574], "summary": {"covered_lines": 69, "num_statements": 260, "percent_covered": 26.53846153846154, "percent_covered_display": "27", "missing_lines": 191, "excluded_lines": 0, "percent_statements_covered": 26.53846153846154, "percent_statements_covered_display": "27"}, "missing_lines": [26, 27, 28, 29, 30, 31, 32, 33, 37, 59, 64, 83, 87, 88, 106, 146, 150, 151, 152, 153, 154, 163, 164, 165, 171, 172, 173, 190, 191, 192, 194, 195, 196, 197, 198, 199, 203, 204, 205, 206, 207, 208, 209, 210, 211, 213, 214, 215, 218, 219, 220, 221, 222, 224, 235, 236, 237, 244, 245, 246, 268, 269, 275, 276, 277, 284, 285, 287, 288, 293, 294, 295, 300, 301, 302, 303, 304, 305, 306, 307, 309, 310, 311, 313, 314, 315, 318, 319, 325, 326, 327, 333, 334, 335, 342, 343, 344, 352, 353, 354, 356, 357, 358, 359, 360, 361, 366, 367, 368, 369, 370, 371, 372, 373, 374, 376, 377, 378, 381, 382, 383, 384, 385, 387, 407, 408, 419, 422, 424, 425, 426, 427, 429, 431, 432, 449, 451, 452, 453, 454, 455, 456, 458, 459, 461, 493, 502, 503, 505, 506, 507, 508, 510, 511, 512, 514, 515, 516, 518, 519, 520, 521, 522, 523, 525, 526, 528, 550, 552, 555, 557, 558, 559, 562, 563, 566, 568, 569, 571, 584, 586, 589, 591, 592, 593, 596, 597, 600, 602, 603, 605], "excluded_lines": [], "start_line": 1}}}, "utils\\validators.py": {"executed_lines": [7, 8, 9, 11, 14, 24, 25, 32, 35, 36, 37, 43, 50, 60, 68, 71, 72, 73, 75, 76, 83, 84, 90, 104, 115, 124, 125, 133, 141, 142, 144, 148, 149, 160, 170, 181, 185, 188, 191, 192, 193, 196, 200, 202, 205, 217, 225, 228, 229, 235, 242, 249, 261, 262, 264, 273, 284, 292, 293, 300, 302, 309, 319, 320, 327, 328, 329, 335], "summary": {"covered_lines": 68, "num_statements": 86, "percent_covered": 79.06976744186046, "percent_covered_display": "79", "missing_lines": 18, "excluded_lines": 0, "percent_statements_covered": 79.06976744186046, "percent_statements_covered_display": "79"}, "missing_lines": [61, 96, 97, 116, 143, 145, 150, 151, 152, 153, 154, 155, 157, 182, 197, 218, 236, 285], "excluded_lines": [], "functions": {"validate_cve_id": {"executed_lines": [24, 25, 32, 35, 36, 37, 43], "summary": {"covered_lines": 7, "num_statements": 7, "percent_covered": 100.0, "percent_covered_display": "100", "missing_lines": 0, "excluded_lines": 0, "percent_statements_covered": 100.0, "percent_statements_covered_display": "100"}, "missing_lines": [], "excluded_lines": [], "start_line": 14}, "validate_url": {"executed_lines": [60, 68, 71, 72, 73, 75, 76, 83, 84, 90], "summary": {"covered_lines": 10, "num_statements": 13, "percent_covered": 76.92307692307692, "percent_covered_display": "77", "missing_lines": 3, "excluded_lines": 0, "percent_statements_covered": 76.92307692307692, "percent_statements_covered_display": "77"}, "missing_lines": [61, 96, 97], "excluded_lines": [], "start_line": 50}, "validate_password": {"executed_lines": [115, 124, 125, 133, 141, 142, 144, 148, 149, 160], "summary": {"covered_lines": 10, "num_statements": 20, "percent_covered": 50.0, "percent_covered_display": "50", "missing_lines": 10, "excluded_lines": 0, "percent_statements_covered": 50.0, "percent_statements_covered_display": "50"}, "missing_lines": [116, 143, 145, 150, 151, 152, 153, 154, 155, 157], "excluded_lines": [], "start_line": 104}, "sanitize_input": {"executed_lines": [181, 185, 188, 191, 192, 193, 196, 200, 202], "summary": {"covered_lines": 9, "num_statements": 11, "percent_covered": 81.81818181818181, "percent_covered_display": "82", "missing_lines": 2, "excluded_lines": 0, "percent_statements_covered": 81.81818181818181, "percent_statements_covered_display": "82"}, "missing_lines": [182, 197], "excluded_lines": [], "start_line": 170}, "validate_search_query": {"executed_lines": [217, 225, 228, 229, 235, 242], "summary": {"covered_lines": 6, "num_statements": 8, "percent_covered": 75.0, "percent_covered_display": "75", "missing_lines": 2, "excluded_lines": 0, "percent_statements_covered": 75.0, "percent_statements_covered_display": "75"}, "missing_lines": [218, 236], "excluded_lines": [], "start_line": 205}, "validate_pagination_params": {"executed_lines": [261, 262, 264], "summary": {"covered_lines": 3, "num_statements": 3, "percent_covered": 100.0, "percent_covered_display": "100", "missing_lines": 0, "excluded_lines": 0, "percent_statements_covered": 100.0, "percent_statements_covered_display": "100"}, "missing_lines": [], "excluded_lines": [], "start_line": 249}, "validate_api_key": {"executed_lines": [284, 292, 293, 300, 302], "summary": {"covered_lines": 5, "num_statements": 6, "percent_covered": 83.33333333333333, "percent_covered_display": "83", "missing_lines": 1, "excluded_lines": 0, "percent_statements_covered": 83.33333333333333, "percent_statements_covered_display": "83"}, "missing_lines": [285], "excluded_lines": [], "start_line": 273}, "validate_email": {"executed_lines": [319, 320, 327, 328, 329, 335], "summary": {"covered_lines": 6, "num_statements": 6, "percent_covered": 100.0, "percent_covered_display": "100", "missing_lines": 0, "excluded_lines": 0, "percent_statements_covered": 100.0, "percent_statements_covered_display": "100"}, "missing_lines": [], "excluded_lines": [], "start_line": 309}, "": {"executed_lines": [7, 8, 9, 11, 14, 50, 104, 170, 205, 249, 273, 309], "summary": {"covered_lines": 12, "num_statements": 12, "percent_covered": 100.0, "percent_covered_display": "100", "missing_lines": 0, "excluded_lines": 0, "percent_statements_covered": 100.0, "percent_statements_covered_display": "100"}, "missing_lines": [], "excluded_lines": [], "start_line": 1}}, "classes": {"": {"executed_lines": [7, 8, 9, 11, 14, 24, 25, 32, 35, 36, 37, 43, 50, 60, 68, 71, 72, 73, 75, 76, 83, 84, 90, 104, 115, 124, 125, 133, 141, 142, 144, 148, 149, 160, 170, 181, 185, 188, 191, 192, 193, 196, 200, 202, 205, 217, 225, 228, 229, 235, 242, 249, 261, 262, 264, 273, 284, 292, 293, 300, 302, 309, 319, 320, 327, 328, 329, 335], "summary": {"covered_lines": 68, "num_statements": 86, "percent_covered": 79.06976744186046, "percent_covered_display": "79", "missing_lines": 18, "excluded_lines": 0, "percent_statements_covered": 79.06976744186046, "percent_statements_covered_display": "79"}, "missing_lines": [61, 96, 97, 116, 143, 145, 150, 151, 152, 153, 154, 155, 157, 182, 197, 218, 236, 285], "excluded_lines": [], "start_line": 1}}}}, "totals": {"covered_lines": 1051, "num_statements": 1812, "percent_covered": 58.00220750551876, "percent_covered_display": "58", "missing_lines": 761, "excluded_lines": 0, "percent_statements_covered": 58.00220750551876, "percent_statements_covered_display": "58"}}